{
  "stats": {
    "suites": 22,
    "tests": 55,
    "passes": 49,
    "pending": 0,
    "failures": 6,
    "start": "2017-08-04T11:05:15.432Z",
    "end": "2017-08-04T11:07:46.268Z",
    "duration": 150836,
    "testsRegistered": 55,
    "passPercent": 89.1,
    "pendingPercent": 0,
    "other": 0,
    "hasOther": false,
    "skipped": 0,
    "hasSkipped": false,
    "passPercentClass": "success",
    "pendingPercentClass": "danger"
  },
  "suites": {
    "title": "",
    "suites": [
      {
        "title": "Allscenario",
        "suites": [
          {
            "title": "The Product Creation",
            "suites": [
              {
                "title": "Log in in Back Office",
                "suites": [],
                "tests": [
                  {
                    "title": "should log in successfully in BO",
                    "fullTitle": "The Product Creation Log in in Back Office should log in successfully in BO",
                    "timedOut": false,
                    "duration": 3306,
                    "state": "passed",
                    "speed": "fast",
                    "pass": true,
                    "fail": false,
                    "pending": false,
                    "code": "global.fctname= this.test.title;\n\tthis.client\n\t\t.signinBO()\n\t\t.isVisible(this.selector.exit_welcome).then(function(isVisible) {\n\t\t\texit_welcome = isVisible;\n\t\t})\n\t\t.waitForExist(this.selector.menu, 90000)\n\t    .call(done);",
                    "err": {},
                    "isRoot": false,
                    "uuid": "8a68409b-0b9c-47b8-aca2-73dde3e05027",
                    "parentUUID": "b06226eb-6e21-41c5-8094-1a62cae16f52",
                    "isHook": false,
                    "skipped": false
                  }
                ],
                "pending": [],
                "root": false,
                "_timeout": 900000000,
                "file": "/index.webdriverio.js",
                "uuid": "b06226eb-6e21-41c5-8094-1a62cae16f52",
                "beforeHooks": [],
                "afterHooks": [],
                "fullFile": "/projet/PSFunctionalTests/test/itg/1.7/index.webdriverio.js",
                "passes": [
                  {
                    "title": "should log in successfully in BO",
                    "fullTitle": "The Product Creation Log in in Back Office should log in successfully in BO",
                    "timedOut": false,
                    "duration": 3306,
                    "state": "passed",
                    "speed": "fast",
                    "pass": true,
                    "fail": false,
                    "pending": false,
                    "code": "global.fctname= this.test.title;\n\tthis.client\n\t\t.signinBO()\n\t\t.isVisible(this.selector.exit_welcome).then(function(isVisible) {\n\t\t\texit_welcome = isVisible;\n\t\t})\n\t\t.waitForExist(this.selector.menu, 90000)\n\t    .call(done);",
                    "err": {},
                    "isRoot": false,
                    "uuid": "8a68409b-0b9c-47b8-aca2-73dde3e05027",
                    "parentUUID": "b06226eb-6e21-41c5-8094-1a62cae16f52",
                    "isHook": false,
                    "skipped": false
                  }
                ],
                "failures": [],
                "skipped": [],
                "hasBeforeHooks": false,
                "hasAfterHooks": false,
                "hasTests": true,
                "hasSuites": false,
                "totalTests": 1,
                "totalPasses": 1,
                "totalFailures": 0,
                "totalPending": 0,
                "totalSkipped": 0,
                "hasPasses": true,
                "hasFailures": false,
                "hasPending": false,
                "hasSkipped": false,
                "duration": 3306,
                "rootEmpty": false
              },
              {
                "title": "Create new product",
                "suites": [],
                "tests": [
                  {
                    "title": "should click on the <add new product> button",
                    "fullTitle": "The Product Creation Create new product should click on the <add new product> button",
                    "timedOut": false,
                    "duration": 1641,
                    "state": "passed",
                    "speed": "fast",
                    "pass": true,
                    "fail": false,
                    "pending": false,
                    "code": "global.fctname= this.test.title;\nif (exit_welcome){\n\t\t        this.client\n\t\t\t\t    .waitForExist(this.selector.exit_welcome, 90000)\n\t\t\t\t    .click(this.selector.exit_welcome);\n\t\t\t}\n\t\t\tthis.client\n\t\t\t\t.waitForExist(this.selector.menu, 90000)\n\t\t\t\t.click(this.selector.products)\n\t\t\t\t.waitForExist(this.selector.new_product, 90000)\n\t\t\t\t.waitForExist('#notifications-total', 90000)\n\t\t\t\t.isVisible('//div[@id=\"debug-mode\"]').then(function(isVisible) {\n\t\t\t\t\tdevMode = isVisible;\n\t\t\t\t})\n\t\t\t\t.call(done);",
                    "err": {},
                    "isRoot": false,
                    "uuid": "9102fc50-f967-480e-8a12-6680b568ab0f",
                    "parentUUID": "09f4f1d3-222c-4ab9-9116-025371f9a494",
                    "isHook": false,
                    "skipped": false
                  },
                  {
                    "title": "should choose dev mode",
                    "fullTitle": "The Product Creation Create new product should choose dev mode",
                    "timedOut": false,
                    "duration": 1,
                    "state": "passed",
                    "speed": "fast",
                    "pass": true,
                    "fail": false,
                    "pending": false,
                    "code": "global.fctname= this.test.title;\n    if(devMode)\n    {\n\t\tthis.client\n                    .waitForExist('//a[@class=\"hide-button\"]', 90000)\n                    .click('//a[@class=\"hide-button\"]');\n\t}\n\tthis.client.call(done);",
                    "err": {},
                    "isRoot": false,
                    "uuid": "69a47085-ddd5-4971-a816-f66eea3dbb19",
                    "parentUUID": "09f4f1d3-222c-4ab9-9116-025371f9a494",
                    "isHook": false,
                    "skipped": false
                  },
                  {
                    "title": "should enter the name of product",
                    "fullTitle": "The Product Creation Create new product should enter the name of product",
                    "timedOut": false,
                    "duration": 3317,
                    "state": "passed",
                    "speed": "fast",
                    "pass": true,
                    "fail": false,
                    "pending": false,
                    "code": "global.fctname= this.test.title;\n\tthis.client\n\t\t.click(this.selector.new_product)\n\t\t.waitForExist(this.selector.product_name, 90000)\n\t\t.setValue(this.selector.product_name, 'test_nodejs_' + product_id)\n\t\t.call(done);",
                    "err": {},
                    "isRoot": false,
                    "uuid": "365c8dd4-17c8-4a92-8867-998f30f4705d",
                    "parentUUID": "09f4f1d3-222c-4ab9-9116-025371f9a494",
                    "isHook": false,
                    "skipped": false
                  },
                  {
                    "title": "should enter the quantity of product",
                    "fullTitle": "The Product Creation Create new product should enter the quantity of product",
                    "timedOut": false,
                    "duration": 188,
                    "state": "passed",
                    "speed": "fast",
                    "pass": true,
                    "fail": false,
                    "pending": false,
                    "code": "global.fctname= this.test.title;\n\tthis.client\n\t\t.waitForExist(this.selector.quantity_shortcut, 90000)\n\t\t.clearElement(this.selector.quantity_shortcut)\n\t\t.addValue(this.selector.quantity_shortcut, \"10\")\n\t    .call(done);",
                    "err": {},
                    "isRoot": false,
                    "uuid": "03cadf09-8085-469b-b845-b4dc012b68e9",
                    "parentUUID": "09f4f1d3-222c-4ab9-9116-025371f9a494",
                    "isHook": false,
                    "skipped": false
                  },
                  {
                    "title": "should enter the price of product",
                    "fullTitle": "The Product Creation Create new product should enter the price of product",
                    "timedOut": false,
                    "duration": 158,
                    "state": "passed",
                    "speed": "fast",
                    "pass": true,
                    "fail": false,
                    "pending": false,
                    "code": "global.fctname= this.test.title;\n\tthis.client\n\t\t.waitForExist(this.selector.priceTE_shortcut, 90000)\n\t\t.execute(function() {\n\t\t\tdocument.querySelector('#form_step1_price_shortcut').value=\"\";\n\t\t\t})\n\t\t.setValue(this.selector.priceTE_shortcut, \"5\")\n\t\t.call(done);",
                    "err": {},
                    "isRoot": false,
                    "uuid": "cc21591f-3a18-44dc-bf69-f2ba3a461486",
                    "parentUUID": "09f4f1d3-222c-4ab9-9116-025371f9a494",
                    "isHook": false,
                    "skipped": false
                  },
                  {
                    "title": "should upload the picture of product",
                    "fullTitle": "The Product Creation Create new product should upload the picture of product",
                    "timedOut": false,
                    "duration": 3222,
                    "state": "passed",
                    "speed": "fast",
                    "pass": true,
                    "fail": false,
                    "pending": false,
                    "code": "global.fctname= this.test.title;\n    this.client\n\t\t.execute(function() {\n\t\t\tdocument.getElementsByClassName(\"dz-hidden-input\").style=\"\";\n\t\t\t})\n\t\t.chooseFile(this.selector.picture, toUpload)\n\t\t.waitForExist(this.selector.picture_cover, 90000)\n\t\t.getAttribute('.dz-preview.dz-image-preview.ui-sortable-handle.dz-complete', \"data-id\").then(function(text) {\n\t\t\tglobal.image_data_id = text;\n\t\t})\n\t\t.pause(2000)\n\t\t.call(done);",
                    "err": {},
                    "isRoot": false,
                    "uuid": "60189c12-30fb-45fb-8765-ffe7f0421e74",
                    "parentUUID": "09f4f1d3-222c-4ab9-9116-025371f9a494",
                    "isHook": false,
                    "skipped": false
                  },
                  {
                    "title": "should enter the summary of product",
                    "fullTitle": "The Product Creation Create new product should enter the summary of product",
                    "timedOut": false,
                    "duration": 395,
                    "state": "passed",
                    "speed": "fast",
                    "pass": true,
                    "fail": false,
                    "pending": false,
                    "code": "global.fctname= this.test.title;\n    this.client\n\t\t.waitForExist('textarea#form_step1_description_short_1', 90000)\n\t\t.execute(function() {\n\t\t\tdocument.querySelector('textarea#form_step1_description_short_1').style=\"\";\n\t\t\t})\n\t\t.setValue('textarea#form_step1_description_short_1', \"this the summary\")\n\t\t.call(done);",
                    "err": {},
                    "isRoot": false,
                    "uuid": "d1a062f2-f198-4421-a11e-5436281c0c19",
                    "parentUUID": "09f4f1d3-222c-4ab9-9116-025371f9a494",
                    "isHook": false,
                    "skipped": false
                  },
                  {
                    "title": "should enter the description of product",
                    "fullTitle": "The Product Creation Create new product should enter the description of product",
                    "timedOut": false,
                    "duration": 464,
                    "state": "passed",
                    "speed": "fast",
                    "pass": true,
                    "fail": false,
                    "pending": false,
                    "code": "global.fctname= this.test.title;\n    this.client\n\t\t.click(this.selector.description_button)\n\t\t.waitForExist('textarea#form_step1_description_1', 90000)\n\t\t.execute(function() {\n\t\t\tdocument.querySelector('textarea#form_step1_description_1').style=\"\";\n\t\t\t})\n\t\t.setValue('textarea#form_step1_description_1', \"this the description\")\n\t    .call(done);",
                    "err": {},
                    "isRoot": false,
                    "uuid": "8386058e-d1c0-49d8-afa7-51a3f7697b86",
                    "parentUUID": "09f4f1d3-222c-4ab9-9116-025371f9a494",
                    "isHook": false,
                    "skipped": false
                  },
                  {
                    "title": "should close toolbar",
                    "fullTitle": "The Product Creation Create new product should close toolbar",
                    "timedOut": false,
                    "duration": 0,
                    "state": "passed",
                    "speed": "fast",
                    "pass": true,
                    "fail": false,
                    "pending": false,
                    "code": "global.fctname= this.test.title;\n\t   \tif (devMode){\n\t\t\tthis.client\n\t\t\t.waitForExist('//a[@class=\"hide-button\"]', 90000)\n\t\t\t.click('//a[@class=\"hide-button\"]');\n\t\t}\n\t\tthis.client.call(done);",
                    "err": {},
                    "isRoot": false,
                    "uuid": "9e9c1462-7e0b-43ea-935b-d6d7ccd6aa0e",
                    "parentUUID": "09f4f1d3-222c-4ab9-9116-025371f9a494",
                    "isHook": false,
                    "skipped": false
                  },
                  {
                    "title": "should select product online",
                    "fullTitle": "The Product Creation Create new product should select product online",
                    "timedOut": false,
                    "duration": 1082,
                    "state": "passed",
                    "speed": "fast",
                    "pass": true,
                    "fail": false,
                    "pending": false,
                    "code": "global.fctname= this.test.title;\n        this.client\n            .pause(1000)\n\t\t\t.click(this.selector.product_online)\n\t\t    .call(done);",
                    "err": {},
                    "isRoot": false,
                    "uuid": "3e12a521-ddca-47c8-a01a-38409724fee2",
                    "parentUUID": "09f4f1d3-222c-4ab9-9116-025371f9a494",
                    "isHook": false,
                    "skipped": false
                  },
                  {
                    "title": "should save product",
                    "fullTitle": "The Product Creation Create new product should save product",
                    "timedOut": false,
                    "duration": 131,
                    "state": "passed",
                    "speed": "fast",
                    "pass": true,
                    "fail": false,
                    "pending": false,
                    "code": "global.fctname= this.test.title;\n\t        this.client\n\t    .waitForExist(this.selector.save_product, 90000)\n\t    .click(this.selector.save_product)\n\t    .call(done);",
                    "err": {},
                    "isRoot": false,
                    "uuid": "0feab18c-ba97-400c-95ab-4b3a8c96a549",
                    "parentUUID": "09f4f1d3-222c-4ab9-9116-025371f9a494",
                    "isHook": false,
                    "skipped": false
                  },
                  {
                    "title": "should close green validation",
                    "fullTitle": "The Product Creation Create new product should close green validation",
                    "timedOut": false,
                    "duration": 1587,
                    "state": "passed",
                    "speed": "fast",
                    "pass": true,
                    "fail": false,
                    "pending": false,
                    "code": "global.fctname= this.test.title;\n        this.client\n\t\t\t.waitForExist(this.selector.close_green_validation, 90000)\n\t\t\t.click(this.selector.close_green_validation)\n\t\t\t.call(done);",
                    "err": {},
                    "isRoot": false,
                    "uuid": "98a22d07-48a0-417c-8ed1-38a481e871f8",
                    "parentUUID": "09f4f1d3-222c-4ab9-9116-025371f9a494",
                    "isHook": false,
                    "skipped": false
                  }
                ],
                "pending": [],
                "root": false,
                "_timeout": 900000000,
                "file": "/index.webdriverio.js",
                "uuid": "09f4f1d3-222c-4ab9-9116-025371f9a494",
                "beforeHooks": [],
                "afterHooks": [],
                "fullFile": "/projet/PSFunctionalTests/test/itg/1.7/index.webdriverio.js",
                "passes": [
                  {
                    "title": "should click on the <add new product> button",
                    "fullTitle": "The Product Creation Create new product should click on the <add new product> button",
                    "timedOut": false,
                    "duration": 1641,
                    "state": "passed",
                    "speed": "fast",
                    "pass": true,
                    "fail": false,
                    "pending": false,
                    "code": "global.fctname= this.test.title;\nif (exit_welcome){\n\t\t        this.client\n\t\t\t\t    .waitForExist(this.selector.exit_welcome, 90000)\n\t\t\t\t    .click(this.selector.exit_welcome);\n\t\t\t}\n\t\t\tthis.client\n\t\t\t\t.waitForExist(this.selector.menu, 90000)\n\t\t\t\t.click(this.selector.products)\n\t\t\t\t.waitForExist(this.selector.new_product, 90000)\n\t\t\t\t.waitForExist('#notifications-total', 90000)\n\t\t\t\t.isVisible('//div[@id=\"debug-mode\"]').then(function(isVisible) {\n\t\t\t\t\tdevMode = isVisible;\n\t\t\t\t})\n\t\t\t\t.call(done);",
                    "err": {},
                    "isRoot": false,
                    "uuid": "9102fc50-f967-480e-8a12-6680b568ab0f",
                    "parentUUID": "09f4f1d3-222c-4ab9-9116-025371f9a494",
                    "isHook": false,
                    "skipped": false
                  },
                  {
                    "title": "should choose dev mode",
                    "fullTitle": "The Product Creation Create new product should choose dev mode",
                    "timedOut": false,
                    "duration": 1,
                    "state": "passed",
                    "speed": "fast",
                    "pass": true,
                    "fail": false,
                    "pending": false,
                    "code": "global.fctname= this.test.title;\n    if(devMode)\n    {\n\t\tthis.client\n                    .waitForExist('//a[@class=\"hide-button\"]', 90000)\n                    .click('//a[@class=\"hide-button\"]');\n\t}\n\tthis.client.call(done);",
                    "err": {},
                    "isRoot": false,
                    "uuid": "69a47085-ddd5-4971-a816-f66eea3dbb19",
                    "parentUUID": "09f4f1d3-222c-4ab9-9116-025371f9a494",
                    "isHook": false,
                    "skipped": false
                  },
                  {
                    "title": "should enter the name of product",
                    "fullTitle": "The Product Creation Create new product should enter the name of product",
                    "timedOut": false,
                    "duration": 3317,
                    "state": "passed",
                    "speed": "fast",
                    "pass": true,
                    "fail": false,
                    "pending": false,
                    "code": "global.fctname= this.test.title;\n\tthis.client\n\t\t.click(this.selector.new_product)\n\t\t.waitForExist(this.selector.product_name, 90000)\n\t\t.setValue(this.selector.product_name, 'test_nodejs_' + product_id)\n\t\t.call(done);",
                    "err": {},
                    "isRoot": false,
                    "uuid": "365c8dd4-17c8-4a92-8867-998f30f4705d",
                    "parentUUID": "09f4f1d3-222c-4ab9-9116-025371f9a494",
                    "isHook": false,
                    "skipped": false
                  },
                  {
                    "title": "should enter the quantity of product",
                    "fullTitle": "The Product Creation Create new product should enter the quantity of product",
                    "timedOut": false,
                    "duration": 188,
                    "state": "passed",
                    "speed": "fast",
                    "pass": true,
                    "fail": false,
                    "pending": false,
                    "code": "global.fctname= this.test.title;\n\tthis.client\n\t\t.waitForExist(this.selector.quantity_shortcut, 90000)\n\t\t.clearElement(this.selector.quantity_shortcut)\n\t\t.addValue(this.selector.quantity_shortcut, \"10\")\n\t    .call(done);",
                    "err": {},
                    "isRoot": false,
                    "uuid": "03cadf09-8085-469b-b845-b4dc012b68e9",
                    "parentUUID": "09f4f1d3-222c-4ab9-9116-025371f9a494",
                    "isHook": false,
                    "skipped": false
                  },
                  {
                    "title": "should enter the price of product",
                    "fullTitle": "The Product Creation Create new product should enter the price of product",
                    "timedOut": false,
                    "duration": 158,
                    "state": "passed",
                    "speed": "fast",
                    "pass": true,
                    "fail": false,
                    "pending": false,
                    "code": "global.fctname= this.test.title;\n\tthis.client\n\t\t.waitForExist(this.selector.priceTE_shortcut, 90000)\n\t\t.execute(function() {\n\t\t\tdocument.querySelector('#form_step1_price_shortcut').value=\"\";\n\t\t\t})\n\t\t.setValue(this.selector.priceTE_shortcut, \"5\")\n\t\t.call(done);",
                    "err": {},
                    "isRoot": false,
                    "uuid": "cc21591f-3a18-44dc-bf69-f2ba3a461486",
                    "parentUUID": "09f4f1d3-222c-4ab9-9116-025371f9a494",
                    "isHook": false,
                    "skipped": false
                  },
                  {
                    "title": "should upload the picture of product",
                    "fullTitle": "The Product Creation Create new product should upload the picture of product",
                    "timedOut": false,
                    "duration": 3222,
                    "state": "passed",
                    "speed": "fast",
                    "pass": true,
                    "fail": false,
                    "pending": false,
                    "code": "global.fctname= this.test.title;\n    this.client\n\t\t.execute(function() {\n\t\t\tdocument.getElementsByClassName(\"dz-hidden-input\").style=\"\";\n\t\t\t})\n\t\t.chooseFile(this.selector.picture, toUpload)\n\t\t.waitForExist(this.selector.picture_cover, 90000)\n\t\t.getAttribute('.dz-preview.dz-image-preview.ui-sortable-handle.dz-complete', \"data-id\").then(function(text) {\n\t\t\tglobal.image_data_id = text;\n\t\t})\n\t\t.pause(2000)\n\t\t.call(done);",
                    "err": {},
                    "isRoot": false,
                    "uuid": "60189c12-30fb-45fb-8765-ffe7f0421e74",
                    "parentUUID": "09f4f1d3-222c-4ab9-9116-025371f9a494",
                    "isHook": false,
                    "skipped": false
                  },
                  {
                    "title": "should enter the summary of product",
                    "fullTitle": "The Product Creation Create new product should enter the summary of product",
                    "timedOut": false,
                    "duration": 395,
                    "state": "passed",
                    "speed": "fast",
                    "pass": true,
                    "fail": false,
                    "pending": false,
                    "code": "global.fctname= this.test.title;\n    this.client\n\t\t.waitForExist('textarea#form_step1_description_short_1', 90000)\n\t\t.execute(function() {\n\t\t\tdocument.querySelector('textarea#form_step1_description_short_1').style=\"\";\n\t\t\t})\n\t\t.setValue('textarea#form_step1_description_short_1', \"this the summary\")\n\t\t.call(done);",
                    "err": {},
                    "isRoot": false,
                    "uuid": "d1a062f2-f198-4421-a11e-5436281c0c19",
                    "parentUUID": "09f4f1d3-222c-4ab9-9116-025371f9a494",
                    "isHook": false,
                    "skipped": false
                  },
                  {
                    "title": "should enter the description of product",
                    "fullTitle": "The Product Creation Create new product should enter the description of product",
                    "timedOut": false,
                    "duration": 464,
                    "state": "passed",
                    "speed": "fast",
                    "pass": true,
                    "fail": false,
                    "pending": false,
                    "code": "global.fctname= this.test.title;\n    this.client\n\t\t.click(this.selector.description_button)\n\t\t.waitForExist('textarea#form_step1_description_1', 90000)\n\t\t.execute(function() {\n\t\t\tdocument.querySelector('textarea#form_step1_description_1').style=\"\";\n\t\t\t})\n\t\t.setValue('textarea#form_step1_description_1', \"this the description\")\n\t    .call(done);",
                    "err": {},
                    "isRoot": false,
                    "uuid": "8386058e-d1c0-49d8-afa7-51a3f7697b86",
                    "parentUUID": "09f4f1d3-222c-4ab9-9116-025371f9a494",
                    "isHook": false,
                    "skipped": false
                  },
                  {
                    "title": "should close toolbar",
                    "fullTitle": "The Product Creation Create new product should close toolbar",
                    "timedOut": false,
                    "duration": 0,
                    "state": "passed",
                    "speed": "fast",
                    "pass": true,
                    "fail": false,
                    "pending": false,
                    "code": "global.fctname= this.test.title;\n\t   \tif (devMode){\n\t\t\tthis.client\n\t\t\t.waitForExist('//a[@class=\"hide-button\"]', 90000)\n\t\t\t.click('//a[@class=\"hide-button\"]');\n\t\t}\n\t\tthis.client.call(done);",
                    "err": {},
                    "isRoot": false,
                    "uuid": "9e9c1462-7e0b-43ea-935b-d6d7ccd6aa0e",
                    "parentUUID": "09f4f1d3-222c-4ab9-9116-025371f9a494",
                    "isHook": false,
                    "skipped": false
                  },
                  {
                    "title": "should select product online",
                    "fullTitle": "The Product Creation Create new product should select product online",
                    "timedOut": false,
                    "duration": 1082,
                    "state": "passed",
                    "speed": "fast",
                    "pass": true,
                    "fail": false,
                    "pending": false,
                    "code": "global.fctname= this.test.title;\n        this.client\n            .pause(1000)\n\t\t\t.click(this.selector.product_online)\n\t\t    .call(done);",
                    "err": {},
                    "isRoot": false,
                    "uuid": "3e12a521-ddca-47c8-a01a-38409724fee2",
                    "parentUUID": "09f4f1d3-222c-4ab9-9116-025371f9a494",
                    "isHook": false,
                    "skipped": false
                  },
                  {
                    "title": "should save product",
                    "fullTitle": "The Product Creation Create new product should save product",
                    "timedOut": false,
                    "duration": 131,
                    "state": "passed",
                    "speed": "fast",
                    "pass": true,
                    "fail": false,
                    "pending": false,
                    "code": "global.fctname= this.test.title;\n\t        this.client\n\t    .waitForExist(this.selector.save_product, 90000)\n\t    .click(this.selector.save_product)\n\t    .call(done);",
                    "err": {},
                    "isRoot": false,
                    "uuid": "0feab18c-ba97-400c-95ab-4b3a8c96a549",
                    "parentUUID": "09f4f1d3-222c-4ab9-9116-025371f9a494",
                    "isHook": false,
                    "skipped": false
                  },
                  {
                    "title": "should close green validation",
                    "fullTitle": "The Product Creation Create new product should close green validation",
                    "timedOut": false,
                    "duration": 1587,
                    "state": "passed",
                    "speed": "fast",
                    "pass": true,
                    "fail": false,
                    "pending": false,
                    "code": "global.fctname= this.test.title;\n        this.client\n\t\t\t.waitForExist(this.selector.close_green_validation, 90000)\n\t\t\t.click(this.selector.close_green_validation)\n\t\t\t.call(done);",
                    "err": {},
                    "isRoot": false,
                    "uuid": "98a22d07-48a0-417c-8ed1-38a481e871f8",
                    "parentUUID": "09f4f1d3-222c-4ab9-9116-025371f9a494",
                    "isHook": false,
                    "skipped": false
                  }
                ],
                "failures": [],
                "skipped": [],
                "hasBeforeHooks": false,
                "hasAfterHooks": false,
                "hasTests": true,
                "hasSuites": false,
                "totalTests": 12,
                "totalPasses": 12,
                "totalFailures": 0,
                "totalPending": 0,
                "totalSkipped": 0,
                "hasPasses": true,
                "hasFailures": false,
                "hasPending": false,
                "hasSkipped": false,
                "duration": 12186,
                "rootEmpty": false
              },
              {
                "title": "Check the product in the catalog",
                "suites": [],
                "tests": [
                  {
                    "title": "should go to the catalog",
                    "fullTitle": "The Product Creation Check the product in the catalog should go to the catalog",
                    "timedOut": false,
                    "duration": 5237,
                    "state": "passed",
                    "speed": "fast",
                    "pass": true,
                    "fail": false,
                    "pending": false,
                    "code": "global.fctname= this.test.title;\n\t\t\tthis.client\n\t\t\t    .pause(5000)\n\t\t\t    .waitForExist(this.selector.more_option, 90000)\n        .click(this.selector.more_option)\n\t\t\t    .waitForExist(this.selector.go_to_catalog, 90000)\n        .click(this.selector.go_to_catalog)\n        .call(done);",
                    "err": {},
                    "isRoot": false,
                    "uuid": "229fd116-49fc-4a20-ad22-258be9527fb6",
                    "parentUUID": "95e50549-ed46-4699-a6c0-72ec0fd08eef",
                    "isHook": false,
                    "skipped": false
                  },
                  {
                    "title": "should search the product by name",
                    "fullTitle": "The Product Creation Check the product in the catalog should search the product by name",
                    "timedOut": false,
                    "duration": 5272,
                    "state": "passed",
                    "speed": "fast",
                    "pass": true,
                    "fail": false,
                    "pending": false,
                    "code": "global.fctname= this.test.title;\nthis.client\n\t\t\t\t.waitForExist(this.selector.catalogue_filter_by_name, 90000)\n\t\t\t\t.setValue(this.selector.catalogue_filter_by_name, 'test_nodejs_' + product_id)\n\t\t\t\t.click(this.selector.click_outside)\n\t\t\t\t.pause(2000)\n\t\t\t\t.click(this.selector.catalogue_submit_filter)\n\t\t\t\t.call(done);",
                    "err": {},
                    "isRoot": false,
                    "uuid": "48ac5e9c-bc39-4538-9afa-c3f7a211b64c",
                    "parentUUID": "95e50549-ed46-4699-a6c0-72ec0fd08eef",
                    "isHook": false,
                    "skipped": false
                  },
                  {
                    "title": "should select the product name",
                    "fullTitle": "The Product Creation Check the product in the catalog should select the product name",
                    "timedOut": false,
                    "duration": 2109,
                    "state": "passed",
                    "speed": "fast",
                    "pass": true,
                    "fail": false,
                    "pending": false,
                    "code": "global.fctname= this.test.title;\nthis.client\n    .pause(1000)\n\t\t\t\t.waitForExist('//a[text()=\"test_nodejs_' + product_id + '\"]', 90000)\n\t\t\t\t.click('//a[text()=\"test_nodejs_' + product_id + '\"]')\n\t\t\t\t.waitForExist(this.selector.product_name, 90000)\n\t\t\t\t.call(done);",
                    "err": {},
                    "isRoot": false,
                    "uuid": "81b7aeec-9bc9-45c8-9513-be0fd4dc41ff",
                    "parentUUID": "95e50549-ed46-4699-a6c0-72ec0fd08eef",
                    "isHook": false,
                    "skipped": false
                  },
                  {
                    "title": "Should generate picture url",
                    "fullTitle": "The Product Creation Check the product in the catalog Should generate picture url",
                    "timedOut": false,
                    "duration": 1,
                    "state": "failed",
                    "pass": false,
                    "fail": true,
                    "pending": false,
                    "code": "picture_url = \"/img/p\";\nfor (var i = 0, len = image_data_id.length; i < len; i++) {\n\tpicture_url= picture_url + \"/\" + image_data_id[i];\n}\npicture_url = picture_url + \"/\" + image_data_id + \"-home_default.jpg\";\nthis.client.call(done);",
                    "err": {
                      "message": "ReferenceError: picture_url is not defined",
                      "estack": "ReferenceError: picture_url is not defined\n    at Context.<anonymous> (scenario/BO/create_product.webdriverio.js:199:16)"
                    },
                    "isRoot": false,
                    "uuid": "c1340f55-60c5-4f86-8112-06ffd997b845",
                    "parentUUID": "95e50549-ed46-4699-a6c0-72ec0fd08eef",
                    "isHook": false,
                    "skipped": false
                  }
                ],
                "pending": [],
                "root": false,
                "_timeout": 900000000,
                "file": "/index.webdriverio.js",
                "uuid": "95e50549-ed46-4699-a6c0-72ec0fd08eef",
                "beforeHooks": [],
                "afterHooks": [],
                "fullFile": "/projet/PSFunctionalTests/test/itg/1.7/index.webdriverio.js",
                "passes": [
                  {
                    "title": "should go to the catalog",
                    "fullTitle": "The Product Creation Check the product in the catalog should go to the catalog",
                    "timedOut": false,
                    "duration": 5237,
                    "state": "passed",
                    "speed": "fast",
                    "pass": true,
                    "fail": false,
                    "pending": false,
                    "code": "global.fctname= this.test.title;\n\t\t\tthis.client\n\t\t\t    .pause(5000)\n\t\t\t    .waitForExist(this.selector.more_option, 90000)\n        .click(this.selector.more_option)\n\t\t\t    .waitForExist(this.selector.go_to_catalog, 90000)\n        .click(this.selector.go_to_catalog)\n        .call(done);",
                    "err": {},
                    "isRoot": false,
                    "uuid": "229fd116-49fc-4a20-ad22-258be9527fb6",
                    "parentUUID": "95e50549-ed46-4699-a6c0-72ec0fd08eef",
                    "isHook": false,
                    "skipped": false
                  },
                  {
                    "title": "should search the product by name",
                    "fullTitle": "The Product Creation Check the product in the catalog should search the product by name",
                    "timedOut": false,
                    "duration": 5272,
                    "state": "passed",
                    "speed": "fast",
                    "pass": true,
                    "fail": false,
                    "pending": false,
                    "code": "global.fctname= this.test.title;\nthis.client\n\t\t\t\t.waitForExist(this.selector.catalogue_filter_by_name, 90000)\n\t\t\t\t.setValue(this.selector.catalogue_filter_by_name, 'test_nodejs_' + product_id)\n\t\t\t\t.click(this.selector.click_outside)\n\t\t\t\t.pause(2000)\n\t\t\t\t.click(this.selector.catalogue_submit_filter)\n\t\t\t\t.call(done);",
                    "err": {},
                    "isRoot": false,
                    "uuid": "48ac5e9c-bc39-4538-9afa-c3f7a211b64c",
                    "parentUUID": "95e50549-ed46-4699-a6c0-72ec0fd08eef",
                    "isHook": false,
                    "skipped": false
                  },
                  {
                    "title": "should select the product name",
                    "fullTitle": "The Product Creation Check the product in the catalog should select the product name",
                    "timedOut": false,
                    "duration": 2109,
                    "state": "passed",
                    "speed": "fast",
                    "pass": true,
                    "fail": false,
                    "pending": false,
                    "code": "global.fctname= this.test.title;\nthis.client\n    .pause(1000)\n\t\t\t\t.waitForExist('//a[text()=\"test_nodejs_' + product_id + '\"]', 90000)\n\t\t\t\t.click('//a[text()=\"test_nodejs_' + product_id + '\"]')\n\t\t\t\t.waitForExist(this.selector.product_name, 90000)\n\t\t\t\t.call(done);",
                    "err": {},
                    "isRoot": false,
                    "uuid": "81b7aeec-9bc9-45c8-9513-be0fd4dc41ff",
                    "parentUUID": "95e50549-ed46-4699-a6c0-72ec0fd08eef",
                    "isHook": false,
                    "skipped": false
                  }
                ],
                "failures": [
                  {
                    "title": "Should generate picture url",
                    "fullTitle": "The Product Creation Check the product in the catalog Should generate picture url",
                    "timedOut": false,
                    "duration": 1,
                    "state": "failed",
                    "pass": false,
                    "fail": true,
                    "pending": false,
                    "code": "picture_url = \"/img/p\";\nfor (var i = 0, len = image_data_id.length; i < len; i++) {\n\tpicture_url= picture_url + \"/\" + image_data_id[i];\n}\npicture_url = picture_url + \"/\" + image_data_id + \"-home_default.jpg\";\nthis.client.call(done);",
                    "err": {
                      "message": "ReferenceError: picture_url is not defined",
                      "estack": "ReferenceError: picture_url is not defined\n    at Context.<anonymous> (scenario/BO/create_product.webdriverio.js:199:16)"
                    },
                    "isRoot": false,
                    "uuid": "c1340f55-60c5-4f86-8112-06ffd997b845",
                    "parentUUID": "95e50549-ed46-4699-a6c0-72ec0fd08eef",
                    "isHook": false,
                    "skipped": false
                  }
                ],
                "skipped": [],
                "hasBeforeHooks": false,
                "hasAfterHooks": false,
                "hasTests": true,
                "hasSuites": false,
                "totalTests": 4,
                "totalPasses": 3,
                "totalFailures": 1,
                "totalPending": 0,
                "totalSkipped": 0,
                "hasPasses": true,
                "hasFailures": true,
                "hasPending": false,
                "hasSkipped": false,
                "duration": 12619,
                "rootEmpty": false
              },
              {
                "title": "Check the product in Back Office",
                "suites": [],
                "tests": [
                  {
                    "title": "should check the product name",
                    "fullTitle": "The Product Creation Check the product in Back Office should check the product name",
                    "timedOut": false,
                    "duration": 185,
                    "state": "passed",
                    "speed": "fast",
                    "pass": true,
                    "fail": false,
                    "pending": false,
                    "code": "global.fctname= this.test.title;\n\t\t\t\tthis.client\n    .getValue(this.selector.product_name).then(function(text) {\n        var my_name = text;\n        should(my_name).be.equal('test_nodejs_' + product_id);\n    })\n    .call(done);",
                    "err": {},
                    "isRoot": false,
                    "uuid": "6a1d5472-d0b6-4b23-a176-f9d03e67054f",
                    "parentUUID": "b07e6b73-9848-4279-8d3c-7ab4a7669fef",
                    "isHook": false,
                    "skipped": false
                  },
                  {
                    "title": "should check the product summary",
                    "fullTitle": "The Product Creation Check the product in Back Office should check the product summary",
                    "timedOut": false,
                    "duration": 110,
                    "state": "passed",
                    "speed": "fast",
                    "pass": true,
                    "fail": false,
                    "pending": false,
                    "code": "global.fctname= this.test.title;\n    this.client\n                    .execute(function() {\n                        document.querySelector('textarea#form_step1_description_short_1').style=\"\";\n                        })\n                    .getText('textarea#form_step1_description_short_1').then(function(text) {\n                        var my_summary = text;\n                        should(my_summary).be.equal(\"this the summary\");\n                    })\n                    .call(done);",
                    "err": {},
                    "isRoot": false,
                    "uuid": "c576cf38-4db4-4aa7-9a60-be242ea134cb",
                    "parentUUID": "b07e6b73-9848-4279-8d3c-7ab4a7669fef",
                    "isHook": false,
                    "skipped": false
                  },
                  {
                    "title": "should check the product description",
                    "fullTitle": "The Product Creation Check the product in Back Office should check the product description",
                    "timedOut": false,
                    "duration": 159,
                    "state": "passed",
                    "speed": "fast",
                    "pass": true,
                    "fail": false,
                    "pending": false,
                    "code": "global.fctname= this.test.title;\n    this.client\n                    .click(this.selector.description_button)\n                    .execute(function() {\n                        document.querySelector('textarea#form_step1_description_1').style=\"\";\n                        })\n                    .getText('textarea#form_step1_description_1').then(function(text) {\n                        var my_description = text;\n                        should(my_description).be.equal(\"this the description\");\n                    })\n                    .call(done);",
                    "err": {},
                    "isRoot": false,
                    "uuid": "29ad326f-7d90-4e73-b748-8fdaa5015279",
                    "parentUUID": "b07e6b73-9848-4279-8d3c-7ab4a7669fef",
                    "isHook": false,
                    "skipped": false
                  },
                  {
                    "title": "should check the product price",
                    "fullTitle": "The Product Creation Check the product in Back Office should check the product price",
                    "timedOut": false,
                    "duration": 33,
                    "state": "passed",
                    "speed": "fast",
                    "pass": true,
                    "fail": false,
                    "pending": false,
                    "code": "global.fctname= this.test.title;\n                this.client\n                    .getValue(this.selector.priceTE_shortcut).then(function(text) {\n                        var my_priceTE = text;\n                        should(parseInt(my_priceTE)).be.equal(parseInt(\"5\"));\n                    })\n                    .call(done);",
                    "err": {},
                    "isRoot": false,
                    "uuid": "6bd050b7-d138-4e43-90a4-af648272f2c9",
                    "parentUUID": "b07e6b73-9848-4279-8d3c-7ab4a7669fef",
                    "isHook": false,
                    "skipped": false
                  },
                  {
                    "title": "should check the product quantity",
                    "fullTitle": "The Product Creation Check the product in Back Office should check the product quantity",
                    "timedOut": false,
                    "duration": 41,
                    "state": "passed",
                    "speed": "fast",
                    "pass": true,
                    "fail": false,
                    "pending": false,
                    "code": "global.fctname= this.test.title;\nthis.client\n    .getValue(this.selector.quantity_shortcut).then(function(text) {\n        var my_quantity = text;\n        should(parseInt(my_quantity)).be.equal(parseInt(\"10\"));\n    })\n    .call(done);",
                    "err": {},
                    "isRoot": false,
                    "uuid": "a15e5f4f-098e-4935-bc63-0bce49334952",
                    "parentUUID": "b07e6b73-9848-4279-8d3c-7ab4a7669fef",
                    "isHook": false,
                    "skipped": false
                  },
                  {
                    "title": "should check the product image",
                    "fullTitle": "The Product Creation Check the product in Back Office should check the product image",
                    "timedOut": false,
                    "duration": 0,
                    "state": "failed",
                    "pass": false,
                    "fail": true,
                    "pending": false,
                    "code": "global.fctname= this.test.title;\n                this.client\n                    .getAttribute('div[data-id=\"' + image_data_id + '\"] > div ', \"style\").then(function(text) {\n                        var my_picture_url_temp = text[0].split(\"url(\\\"\");\n                        var my_picture_url = my_picture_url_temp[1].split(\"\\\")\");\n                        var my_final_picture_url = my_picture_url[0].split(\"img/\");\n                        var final_picture_url = picture_url.split(\"img/\");\n                        should(my_final_picture_url[1]).be.equal(final_picture_url[1]);\n                    })\n                    .call(done);",
                    "err": {
                      "message": "ReferenceError: picture_url is not defined",
                      "estack": "ReferenceError: picture_url is not defined\n    at Object.<anonymous> (scenario/BO/create_product.webdriverio.js:273:61)\n    at Object.exec (/projet/PSFunctionalTests/node_modules/webdriverio/build/lib/helpers/safeExecute.js:28:24)\n    at Object.resolve (/projet/PSFunctionalTests/node_modules/webdriverio/build/lib/webdriverio.js:189:29)\n    at /projet/PSFunctionalTests/node_modules/webdriverio/build/lib/webdriverio.js:538:32\n    at _fulfilled (/projet/PSFunctionalTests/node_modules/q/q.js:854:54)\n    at self.promiseDispatch.done (/projet/PSFunctionalTests/node_modules/q/q.js:883:30)\n    at Promise.promise.promiseDispatch (/projet/PSFunctionalTests/node_modules/q/q.js:816:13)\n    at /projet/PSFunctionalTests/node_modules/q/q.js:624:44\n    at runSingle (/projet/PSFunctionalTests/node_modules/q/q.js:137:13)\n    at flush (/projet/PSFunctionalTests/node_modules/q/q.js:125:13)\n    at _combinedTickCallback (internal/process/next_tick.js:67:7)\n    at process._tickDomainCallback (internal/process/next_tick.js:122:9)"
                    },
                    "isRoot": false,
                    "uuid": "d639846c-61f4-4fd4-aec3-bceb541958bb",
                    "parentUUID": "b07e6b73-9848-4279-8d3c-7ab4a7669fef",
                    "isHook": false,
                    "skipped": false
                  }
                ],
                "pending": [],
                "root": false,
                "_timeout": 900000000,
                "file": "/index.webdriverio.js",
                "uuid": "b07e6b73-9848-4279-8d3c-7ab4a7669fef",
                "beforeHooks": [],
                "afterHooks": [],
                "fullFile": "/projet/PSFunctionalTests/test/itg/1.7/index.webdriverio.js",
                "passes": [
                  {
                    "title": "should check the product name",
                    "fullTitle": "The Product Creation Check the product in Back Office should check the product name",
                    "timedOut": false,
                    "duration": 185,
                    "state": "passed",
                    "speed": "fast",
                    "pass": true,
                    "fail": false,
                    "pending": false,
                    "code": "global.fctname= this.test.title;\n\t\t\t\tthis.client\n    .getValue(this.selector.product_name).then(function(text) {\n        var my_name = text;\n        should(my_name).be.equal('test_nodejs_' + product_id);\n    })\n    .call(done);",
                    "err": {},
                    "isRoot": false,
                    "uuid": "6a1d5472-d0b6-4b23-a176-f9d03e67054f",
                    "parentUUID": "b07e6b73-9848-4279-8d3c-7ab4a7669fef",
                    "isHook": false,
                    "skipped": false
                  },
                  {
                    "title": "should check the product summary",
                    "fullTitle": "The Product Creation Check the product in Back Office should check the product summary",
                    "timedOut": false,
                    "duration": 110,
                    "state": "passed",
                    "speed": "fast",
                    "pass": true,
                    "fail": false,
                    "pending": false,
                    "code": "global.fctname= this.test.title;\n    this.client\n                    .execute(function() {\n                        document.querySelector('textarea#form_step1_description_short_1').style=\"\";\n                        })\n                    .getText('textarea#form_step1_description_short_1').then(function(text) {\n                        var my_summary = text;\n                        should(my_summary).be.equal(\"this the summary\");\n                    })\n                    .call(done);",
                    "err": {},
                    "isRoot": false,
                    "uuid": "c576cf38-4db4-4aa7-9a60-be242ea134cb",
                    "parentUUID": "b07e6b73-9848-4279-8d3c-7ab4a7669fef",
                    "isHook": false,
                    "skipped": false
                  },
                  {
                    "title": "should check the product description",
                    "fullTitle": "The Product Creation Check the product in Back Office should check the product description",
                    "timedOut": false,
                    "duration": 159,
                    "state": "passed",
                    "speed": "fast",
                    "pass": true,
                    "fail": false,
                    "pending": false,
                    "code": "global.fctname= this.test.title;\n    this.client\n                    .click(this.selector.description_button)\n                    .execute(function() {\n                        document.querySelector('textarea#form_step1_description_1').style=\"\";\n                        })\n                    .getText('textarea#form_step1_description_1').then(function(text) {\n                        var my_description = text;\n                        should(my_description).be.equal(\"this the description\");\n                    })\n                    .call(done);",
                    "err": {},
                    "isRoot": false,
                    "uuid": "29ad326f-7d90-4e73-b748-8fdaa5015279",
                    "parentUUID": "b07e6b73-9848-4279-8d3c-7ab4a7669fef",
                    "isHook": false,
                    "skipped": false
                  },
                  {
                    "title": "should check the product price",
                    "fullTitle": "The Product Creation Check the product in Back Office should check the product price",
                    "timedOut": false,
                    "duration": 33,
                    "state": "passed",
                    "speed": "fast",
                    "pass": true,
                    "fail": false,
                    "pending": false,
                    "code": "global.fctname= this.test.title;\n                this.client\n                    .getValue(this.selector.priceTE_shortcut).then(function(text) {\n                        var my_priceTE = text;\n                        should(parseInt(my_priceTE)).be.equal(parseInt(\"5\"));\n                    })\n                    .call(done);",
                    "err": {},
                    "isRoot": false,
                    "uuid": "6bd050b7-d138-4e43-90a4-af648272f2c9",
                    "parentUUID": "b07e6b73-9848-4279-8d3c-7ab4a7669fef",
                    "isHook": false,
                    "skipped": false
                  },
                  {
                    "title": "should check the product quantity",
                    "fullTitle": "The Product Creation Check the product in Back Office should check the product quantity",
                    "timedOut": false,
                    "duration": 41,
                    "state": "passed",
                    "speed": "fast",
                    "pass": true,
                    "fail": false,
                    "pending": false,
                    "code": "global.fctname= this.test.title;\nthis.client\n    .getValue(this.selector.quantity_shortcut).then(function(text) {\n        var my_quantity = text;\n        should(parseInt(my_quantity)).be.equal(parseInt(\"10\"));\n    })\n    .call(done);",
                    "err": {},
                    "isRoot": false,
                    "uuid": "a15e5f4f-098e-4935-bc63-0bce49334952",
                    "parentUUID": "b07e6b73-9848-4279-8d3c-7ab4a7669fef",
                    "isHook": false,
                    "skipped": false
                  }
                ],
                "failures": [
                  {
                    "title": "should check the product image",
                    "fullTitle": "The Product Creation Check the product in Back Office should check the product image",
                    "timedOut": false,
                    "duration": 0,
                    "state": "failed",
                    "pass": false,
                    "fail": true,
                    "pending": false,
                    "code": "global.fctname= this.test.title;\n                this.client\n                    .getAttribute('div[data-id=\"' + image_data_id + '\"] > div ', \"style\").then(function(text) {\n                        var my_picture_url_temp = text[0].split(\"url(\\\"\");\n                        var my_picture_url = my_picture_url_temp[1].split(\"\\\")\");\n                        var my_final_picture_url = my_picture_url[0].split(\"img/\");\n                        var final_picture_url = picture_url.split(\"img/\");\n                        should(my_final_picture_url[1]).be.equal(final_picture_url[1]);\n                    })\n                    .call(done);",
                    "err": {
                      "message": "ReferenceError: picture_url is not defined",
                      "estack": "ReferenceError: picture_url is not defined\n    at Object.<anonymous> (scenario/BO/create_product.webdriverio.js:273:61)\n    at Object.exec (/projet/PSFunctionalTests/node_modules/webdriverio/build/lib/helpers/safeExecute.js:28:24)\n    at Object.resolve (/projet/PSFunctionalTests/node_modules/webdriverio/build/lib/webdriverio.js:189:29)\n    at /projet/PSFunctionalTests/node_modules/webdriverio/build/lib/webdriverio.js:538:32\n    at _fulfilled (/projet/PSFunctionalTests/node_modules/q/q.js:854:54)\n    at self.promiseDispatch.done (/projet/PSFunctionalTests/node_modules/q/q.js:883:30)\n    at Promise.promise.promiseDispatch (/projet/PSFunctionalTests/node_modules/q/q.js:816:13)\n    at /projet/PSFunctionalTests/node_modules/q/q.js:624:44\n    at runSingle (/projet/PSFunctionalTests/node_modules/q/q.js:137:13)\n    at flush (/projet/PSFunctionalTests/node_modules/q/q.js:125:13)\n    at _combinedTickCallback (internal/process/next_tick.js:67:7)\n    at process._tickDomainCallback (internal/process/next_tick.js:122:9)"
                    },
                    "isRoot": false,
                    "uuid": "d639846c-61f4-4fd4-aec3-bceb541958bb",
                    "parentUUID": "b07e6b73-9848-4279-8d3c-7ab4a7669fef",
                    "isHook": false,
                    "skipped": false
                  }
                ],
                "skipped": [],
                "hasBeforeHooks": false,
                "hasAfterHooks": false,
                "hasTests": true,
                "hasSuites": false,
                "totalTests": 6,
                "totalPasses": 5,
                "totalFailures": 1,
                "totalPending": 0,
                "totalSkipped": 0,
                "hasPasses": true,
                "hasFailures": true,
                "hasPending": false,
                "hasSkipped": false,
                "duration": 528,
                "rootEmpty": false
              },
              {
                "title": "Log out in Back Office",
                "suites": [],
                "tests": [
                  {
                    "title": "should log out successfully in BO",
                    "fullTitle": "The Product Creation Log out in Back Office should log out successfully in BO",
                    "timedOut": false,
                    "duration": 2,
                    "state": "passed",
                    "speed": "fast",
                    "pass": true,
                    "fail": false,
                    "pending": false,
                    "code": "global.fctname= this.test.title;\n\t\t\tthis.client\n\t\t\t\t.signoutBO2()\n\t\t\t\t.call(done);",
                    "err": {},
                    "isRoot": false,
                    "uuid": "4f3b06ae-3710-4fcb-b816-c1474a534ee2",
                    "parentUUID": "e9f2d26a-c8c9-49a6-936d-b3ebf9af0a62",
                    "isHook": false,
                    "skipped": false
                  }
                ],
                "pending": [],
                "root": false,
                "_timeout": 900000000,
                "file": "/index.webdriverio.js",
                "uuid": "e9f2d26a-c8c9-49a6-936d-b3ebf9af0a62",
                "beforeHooks": [],
                "afterHooks": [],
                "fullFile": "/projet/PSFunctionalTests/test/itg/1.7/index.webdriverio.js",
                "passes": [
                  {
                    "title": "should log out successfully in BO",
                    "fullTitle": "The Product Creation Log out in Back Office should log out successfully in BO",
                    "timedOut": false,
                    "duration": 2,
                    "state": "passed",
                    "speed": "fast",
                    "pass": true,
                    "fail": false,
                    "pending": false,
                    "code": "global.fctname= this.test.title;\n\t\t\tthis.client\n\t\t\t\t.signoutBO2()\n\t\t\t\t.call(done);",
                    "err": {},
                    "isRoot": false,
                    "uuid": "4f3b06ae-3710-4fcb-b816-c1474a534ee2",
                    "parentUUID": "e9f2d26a-c8c9-49a6-936d-b3ebf9af0a62",
                    "isHook": false,
                    "skipped": false
                  }
                ],
                "failures": [],
                "skipped": [],
                "hasBeforeHooks": false,
                "hasAfterHooks": false,
                "hasTests": true,
                "hasSuites": false,
                "totalTests": 1,
                "totalPasses": 1,
                "totalFailures": 0,
                "totalPending": 0,
                "totalSkipped": 0,
                "hasPasses": true,
                "hasFailures": false,
                "hasPending": false,
                "hasSkipped": false,
                "duration": 2,
                "rootEmpty": false
              }
            ],
            "tests": [],
            "pending": [],
            "root": false,
            "_timeout": 900000000,
            "file": "/index.webdriverio.js",
            "uuid": "6c074537-b380-4306-a0b0-54f497ecd81c",
            "beforeHooks": [
              {
                "title": "\"before all\" hook",
                "fullTitle": "Allscenario The Product Creation \"before all\" hook",
                "timedOut": false,
                "duration": 0,
                "pass": false,
                "fail": false,
                "pending": false,
                "code": "this.selector = globals.selector;\nthis.client.call(done);",
                "err": {},
                "isRoot": false,
                "uuid": "1492595b-e910-4bf2-8288-3e066fcbda44",
                "parentUUID": "6c074537-b380-4306-a0b0-54f497ecd81c",
                "isHook": true,
                "skipped": false
              }
            ],
            "afterHooks": [
              {
                "title": "\"after all\" hook: after",
                "fullTitle": "Allscenario The Product Creation \"after all\" hook: after",
                "timedOut": false,
                "duration": 0,
                "pass": false,
                "fail": false,
                "pending": false,
                "code": "done();",
                "err": {},
                "isRoot": false,
                "uuid": "de63da83-3d62-4035-84fb-dbe7479485e8",
                "parentUUID": "6c074537-b380-4306-a0b0-54f497ecd81c",
                "isHook": true,
                "skipped": false
              }
            ],
            "fullFile": "/projet/PSFunctionalTests/test/itg/1.7/index.webdriverio.js",
            "passes": [],
            "failures": [],
            "skipped": [],
            "hasBeforeHooks": true,
            "hasAfterHooks": true,
            "hasTests": false,
            "hasSuites": true,
            "totalTests": 0,
            "totalPasses": 0,
            "totalFailures": 0,
            "totalPending": 0,
            "totalSkipped": 0,
            "hasPasses": false,
            "hasFailures": false,
            "hasPending": false,
            "hasSkipped": false,
            "duration": 0,
            "rootEmpty": false
          },
          {
            "title": "The Check of the Product in Front Office",
            "suites": [
              {
                "title": "Open the shop",
                "suites": [],
                "tests": [
                  {
                    "title": "should acces to the Front Office",
                    "fullTitle": "The Check of the Product in Front Office Open the shop should acces to the Front Office",
                    "timedOut": false,
                    "duration": 3412,
                    "state": "passed",
                    "speed": "fast",
                    "pass": true,
                    "fail": false,
                    "pending": false,
                    "code": "global.fctname= this.test.title;\n\tthis.client\n\t\t.url('http://' + URL)\n\t\t.call(done);",
                    "err": {},
                    "isRoot": false,
                    "uuid": "7243f0b5-47c0-4efd-9e19-a4406c702bfa",
                    "parentUUID": "0a6a7120-2095-42f0-a3a6-c96a2d405b8f",
                    "isHook": false,
                    "skipped": false
                  }
                ],
                "pending": [],
                "root": false,
                "_timeout": 900000000,
                "file": "/index.webdriverio.js",
                "uuid": "0a6a7120-2095-42f0-a3a6-c96a2d405b8f",
                "beforeHooks": [],
                "afterHooks": [],
                "fullFile": "/projet/PSFunctionalTests/test/itg/1.7/index.webdriverio.js",
                "passes": [
                  {
                    "title": "should acces to the Front Office",
                    "fullTitle": "The Check of the Product in Front Office Open the shop should acces to the Front Office",
                    "timedOut": false,
                    "duration": 3412,
                    "state": "passed",
                    "speed": "fast",
                    "pass": true,
                    "fail": false,
                    "pending": false,
                    "code": "global.fctname= this.test.title;\n\tthis.client\n\t\t.url('http://' + URL)\n\t\t.call(done);",
                    "err": {},
                    "isRoot": false,
                    "uuid": "7243f0b5-47c0-4efd-9e19-a4406c702bfa",
                    "parentUUID": "0a6a7120-2095-42f0-a3a6-c96a2d405b8f",
                    "isHook": false,
                    "skipped": false
                  }
                ],
                "failures": [],
                "skipped": [],
                "hasBeforeHooks": false,
                "hasAfterHooks": false,
                "hasTests": true,
                "hasSuites": false,
                "totalTests": 1,
                "totalPasses": 1,
                "totalFailures": 0,
                "totalPending": 0,
                "totalSkipped": 0,
                "hasPasses": true,
                "hasFailures": false,
                "hasPending": false,
                "hasSkipped": false,
                "duration": 3412,
                "rootEmpty": false
              },
              {
                "title": "Check the product",
                "suites": [],
                "tests": [
                  {
                    "title": "should search for the product",
                    "fullTitle": "The Check of the Product in Front Office Check the product should search for the product",
                    "timedOut": false,
                    "duration": 1299,
                    "state": "passed",
                    "speed": "fast",
                    "pass": true,
                    "fail": false,
                    "pending": false,
                    "code": "global.fctname= this.test.title;\n\tthis.client\n\t\t.waitForExist(this.selector.search_product, 90000)\n\t\t.setValue(this.selector.search_product, 'test_nodejs_' + product_id)\n\t\t.click(this.selector.search_product_button)\n\t\t.call(done);",
                    "err": {},
                    "isRoot": false,
                    "uuid": "3e8ab441-c93b-48a0-bb6f-dad1af2a5747",
                    "parentUUID": "93c2c6ce-d685-4c6f-8b7e-0563f1116716",
                    "isHook": false,
                    "skipped": false
                  },
                  {
                    "title": "should check the product name",
                    "fullTitle": "The Check of the Product in Front Office Check the product should check the product name",
                    "timedOut": false,
                    "duration": 0,
                    "state": "failed",
                    "pass": false,
                    "fail": true,
                    "pending": false,
                    "code": "global.fctname= this.test.title;\n\t\t\tthis.client\n\t\t\t\t.waitForExist(this.selector.search_product_result_name, 90000)\n\t\t\t\t.getText(this.selector.search_product_result_name).then(function(text) {\n\t\t\t\t\tvar my_name = text;\n\t\t\t\t\tshould(my_name.toLowerCase()).be.equal('test_nodejs_' + product_id);\n\t\t\t\t})\n\t\t\t\t.call(done);",
                    "err": {
                      "message": "AssertionError: expected 'test_nodejs_1500370245265' to be 'test_nodejs_1501844715413'",
                      "estack": "AssertionError: expected 'test_nodejs_1500370245265' to be 'test_nodejs_1501844715413'\n    at Assertion.fail (/projet/PSFunctionalTests/node_modules/should/cjs/should.js:326:17)\n    at Assertion.value (/projet/PSFunctionalTests/node_modules/should/cjs/should.js:398:19)\n    at Object.<anonymous> (scenario/FO/check_product.webdriverio.js:42:39)\n    at Object.exec (/projet/PSFunctionalTests/node_modules/webdriverio/build/lib/helpers/safeExecute.js:28:24)\n    at Object.resolve (/projet/PSFunctionalTests/node_modules/webdriverio/build/lib/webdriverio.js:189:29)\n    at /projet/PSFunctionalTests/node_modules/webdriverio/build/lib/webdriverio.js:538:32\n    at _fulfilled (/projet/PSFunctionalTests/node_modules/q/q.js:854:54)\n    at self.promiseDispatch.done (/projet/PSFunctionalTests/node_modules/q/q.js:883:30)\n    at Promise.promise.promiseDispatch (/projet/PSFunctionalTests/node_modules/q/q.js:816:13)\n    at /projet/PSFunctionalTests/node_modules/q/q.js:624:44\n    at runSingle (/projet/PSFunctionalTests/node_modules/q/q.js:137:13)\n    at flush (/projet/PSFunctionalTests/node_modules/q/q.js:125:13)\n    at _combinedTickCallback (internal/process/next_tick.js:67:7)\n    at process._tickDomainCallback (internal/process/next_tick.js:122:9)",
                      "diff": "- test_nodejs_1500370245265\n+ test_nodejs_1501844715413\n"
                    },
                    "isRoot": false,
                    "uuid": "ff34fde2-044e-495a-b105-94a41d85ca4b",
                    "parentUUID": "93c2c6ce-d685-4c6f-8b7e-0563f1116716",
                    "isHook": false,
                    "skipped": false
                  },
                  {
                    "title": "should check the product price",
                    "fullTitle": "The Check of the Product in Front Office Check the product should check the product price",
                    "timedOut": false,
                    "duration": 0,
                    "state": "failed",
                    "pass": false,
                    "fail": true,
                    "pending": false,
                    "code": "global.fctname= this.test.title;\n\tthis.client\n\t\t.getText(this.selector.search_product_result_price).then(function(text) {\n\t\t\tvar my_price = text;\n\t\t\tshould(my_price).be.equal(\"€6.00\");\n\t\t})\n\t\t.call(done);",
                    "err": {
                      "message": "AssertionError: expected Array [\n  '6,00 €',\n  '6,00 €',\n  '6,00 €',\n  '6,00 €',\n  '6,00 €',\n  '6,00 €',\n  '6,00 €',\n  '6,00 €',\n  '6,00 €',\n  '6,00 €',\n  '6,00 €'\n] to be '€6.00'",
                      "estack": "AssertionError: expected Array [\n  '6,00 €',\n  '6,00 €',\n  '6,00 €',\n  '6,00 €',\n  '6,00 €',\n  '6,00 €',\n  '6,00 €',\n  '6,00 €',\n  '6,00 €',\n  '6,00 €',\n  '6,00 €'\n] to be '€6.00'\n    at Assertion.fail (/projet/PSFunctionalTests/node_modules/should/cjs/should.js:326:17)\n    at Assertion.value (/projet/PSFunctionalTests/node_modules/should/cjs/should.js:398:19)\n    at Object.<anonymous> (scenario/FO/check_product.webdriverio.js:52:26)\n    at Object.exec (/projet/PSFunctionalTests/node_modules/webdriverio/build/lib/helpers/safeExecute.js:28:24)\n    at Object.resolve (/projet/PSFunctionalTests/node_modules/webdriverio/build/lib/webdriverio.js:189:29)\n    at /projet/PSFunctionalTests/node_modules/webdriverio/build/lib/webdriverio.js:538:32\n    at _fulfilled (/projet/PSFunctionalTests/node_modules/q/q.js:854:54)\n    at self.promiseDispatch.done (/projet/PSFunctionalTests/node_modules/q/q.js:883:30)\n    at Promise.promise.promiseDispatch (/projet/PSFunctionalTests/node_modules/q/q.js:816:13)\n    at /projet/PSFunctionalTests/node_modules/q/q.js:624:44\n    at runSingle (/projet/PSFunctionalTests/node_modules/q/q.js:137:13)\n    at flush (/projet/PSFunctionalTests/node_modules/q/q.js:125:13)\n    at _combinedTickCallback (internal/process/next_tick.js:67:7)\n    at process._tickDomainCallback (internal/process/next_tick.js:122:9)"
                    },
                    "isRoot": false,
                    "uuid": "185b77df-3976-4694-81ce-960dc1c58d40",
                    "parentUUID": "93c2c6ce-d685-4c6f-8b7e-0563f1116716",
                    "isHook": false,
                    "skipped": false
                  },
                  {
                    "title": "should check the product details",
                    "fullTitle": "The Check of the Product in Front Office Check the product should check the product details",
                    "timedOut": false,
                    "duration": 0,
                    "state": "failed",
                    "pass": false,
                    "fail": true,
                    "pending": false,
                    "code": "global.fctname= this.test.title;\n\tthis.client\n\t\t.click(this.selector.search_product_result_name)\n\t\t.waitForExist(this.selector.product_name_details, 90000)\n\t\t.getText(this.selector.product_name_details).then(function(text) {\n\t\t\tvar my_name_check = text;\n\t\t\tshould(my_name_check.toLowerCase()).be.equal('test_nodejs_' + product_id);\n\t\t})\n\t\t//image_data_id\n\t\t.getAttribute('img[class=\"js-qv-product-cover\"]', \"src\").then(function(text) {\n\t\t\tvar my_src_temp = text;\n\t\t\tmy_src_temp.should.containEql(image_data_id + '-large_default');\n\t\t})\n\t\t.getText(this.selector.product_price_details).then(function(text) {\n\t\t\tvar my_price2 = text;\n\t\t\tshould(my_price2).be.equal(\"€6.00\");\n\t\t})\n\t\t.call(done);",
                    "err": {
                      "message": "AssertionError: expected 'test_nodejs_1500370245265' to be 'test_nodejs_1501844715413'",
                      "estack": "AssertionError: expected 'test_nodejs_1500370245265' to be 'test_nodejs_1501844715413'\n    at elementIdText(\"52\") - getText.js:35:50",
                      "diff": "- test_nodejs_1500370245265\n+ test_nodejs_1501844715413\n"
                    },
                    "isRoot": false,
                    "uuid": "67eef4a3-b286-47e9-874d-b165936c75c5",
                    "parentUUID": "93c2c6ce-d685-4c6f-8b7e-0563f1116716",
                    "isHook": false,
                    "skipped": false
                  }
                ],
                "pending": [],
                "root": false,
                "_timeout": 900000000,
                "file": "/index.webdriverio.js",
                "uuid": "93c2c6ce-d685-4c6f-8b7e-0563f1116716",
                "beforeHooks": [],
                "afterHooks": [],
                "fullFile": "/projet/PSFunctionalTests/test/itg/1.7/index.webdriverio.js",
                "passes": [
                  {
                    "title": "should search for the product",
                    "fullTitle": "The Check of the Product in Front Office Check the product should search for the product",
                    "timedOut": false,
                    "duration": 1299,
                    "state": "passed",
                    "speed": "fast",
                    "pass": true,
                    "fail": false,
                    "pending": false,
                    "code": "global.fctname= this.test.title;\n\tthis.client\n\t\t.waitForExist(this.selector.search_product, 90000)\n\t\t.setValue(this.selector.search_product, 'test_nodejs_' + product_id)\n\t\t.click(this.selector.search_product_button)\n\t\t.call(done);",
                    "err": {},
                    "isRoot": false,
                    "uuid": "3e8ab441-c93b-48a0-bb6f-dad1af2a5747",
                    "parentUUID": "93c2c6ce-d685-4c6f-8b7e-0563f1116716",
                    "isHook": false,
                    "skipped": false
                  }
                ],
                "failures": [
                  {
                    "title": "should check the product name",
                    "fullTitle": "The Check of the Product in Front Office Check the product should check the product name",
                    "timedOut": false,
                    "duration": 0,
                    "state": "failed",
                    "pass": false,
                    "fail": true,
                    "pending": false,
                    "code": "global.fctname= this.test.title;\n\t\t\tthis.client\n\t\t\t\t.waitForExist(this.selector.search_product_result_name, 90000)\n\t\t\t\t.getText(this.selector.search_product_result_name).then(function(text) {\n\t\t\t\t\tvar my_name = text;\n\t\t\t\t\tshould(my_name.toLowerCase()).be.equal('test_nodejs_' + product_id);\n\t\t\t\t})\n\t\t\t\t.call(done);",
                    "err": {
                      "message": "AssertionError: expected 'test_nodejs_1500370245265' to be 'test_nodejs_1501844715413'",
                      "estack": "AssertionError: expected 'test_nodejs_1500370245265' to be 'test_nodejs_1501844715413'\n    at Assertion.fail (/projet/PSFunctionalTests/node_modules/should/cjs/should.js:326:17)\n    at Assertion.value (/projet/PSFunctionalTests/node_modules/should/cjs/should.js:398:19)\n    at Object.<anonymous> (scenario/FO/check_product.webdriverio.js:42:39)\n    at Object.exec (/projet/PSFunctionalTests/node_modules/webdriverio/build/lib/helpers/safeExecute.js:28:24)\n    at Object.resolve (/projet/PSFunctionalTests/node_modules/webdriverio/build/lib/webdriverio.js:189:29)\n    at /projet/PSFunctionalTests/node_modules/webdriverio/build/lib/webdriverio.js:538:32\n    at _fulfilled (/projet/PSFunctionalTests/node_modules/q/q.js:854:54)\n    at self.promiseDispatch.done (/projet/PSFunctionalTests/node_modules/q/q.js:883:30)\n    at Promise.promise.promiseDispatch (/projet/PSFunctionalTests/node_modules/q/q.js:816:13)\n    at /projet/PSFunctionalTests/node_modules/q/q.js:624:44\n    at runSingle (/projet/PSFunctionalTests/node_modules/q/q.js:137:13)\n    at flush (/projet/PSFunctionalTests/node_modules/q/q.js:125:13)\n    at _combinedTickCallback (internal/process/next_tick.js:67:7)\n    at process._tickDomainCallback (internal/process/next_tick.js:122:9)",
                      "diff": "- test_nodejs_1500370245265\n+ test_nodejs_1501844715413\n"
                    },
[...]
      "err": {},
      "isRoot": false,
      "uuid": "27752935-daec-48db-b4da-37ee3f232665",
      "parentUUID": "58d46d4d-450f-407c-aafb-3128a2d73054",
      "isHook": false,
      "skipped": false
    },
    {
      "title": "should check the product quantity",
      "fullTitle": "Check the order should check the product quantity",
      "timedOut": false,
      "duration": 50,
      "state": "passed",
      "speed": "fast",
      "pass": true,
      "fail": false,
      "pending": false,
      "code": "global.fctname= this.test.title;\n\t        this.client\n                .waitForExist(this.selector.order_quantity, 90000)\n                .getText(this.selector.order_quantity).then(function(text) {\n                    var my_order_quantity = text;\n                    should(my_order_quantity).be.equal(my_quantity);\n                })\n                .call(done);",
      "err": {},
      "isRoot": false,
      "uuid": "fd36751c-6b32-4f8b-9d04-f44aa069e07f",
      "parentUUID": "58d46d4d-450f-407c-aafb-3128a2d73054",
      "isHook": false,
      "skipped": false
    },
    {
      "title": "should check the order total",
      "fullTitle": "Check the order should check the order total",
      "timedOut": false,
      "duration": 58,
      "state": "passed",
      "speed": "fast",
      "pass": true,
      "fail": false,
      "pending": false,
      "code": "global.fctname= this.test.title;\n\t        this.client\n                .waitForExist(this.selector.order_total, 90000)\n                .getText(this.selector.order_total).then(function(text) {\n                    var my_order_total = text;\n                    should(my_order_total).be.equal(my_price);\n                })\n                .call(done);",
      "err": {},
      "isRoot": false,
      "uuid": "d440546d-40c7-4baf-a9a1-e3e9bca88cb8",
      "parentUUID": "58d46d4d-450f-407c-aafb-3128a2d73054",
      "isHook": false,
      "skipped": false
    },
    {
      "title": "should check the order reference",
      "fullTitle": "Check the order should check the order reference",
      "timedOut": false,
      "duration": 5066,
      "state": "passed",
      "speed": "fast",
      "pass": true,
      "fail": false,
      "pending": false,
      "code": "global.fctname= this.test.title;\n\t        this.client\n                .waitForExist(this.selector.order_reference, 90000)\n                .getText(this.selector.order_reference).then(function(text) {\n                    var my_order_reference = text;\n                    should(my_order_reference).be.equal(order_reference);\n                })\n                .pause(5000)\n                .call(done);",
      "err": {},
      "isRoot": false,
      "uuid": "4c5a41ba-695a-4a41-a142-d7a4c58f3061",
      "parentUUID": "58d46d4d-450f-407c-aafb-3128a2d73054",
      "isHook": false,
      "skipped": false
    },
    {
      "title": "should log out successfully in BO",
      "fullTitle": "Log out in Back Office should log out successfully in BO",
      "timedOut": false,
      "duration": 1,
      "state": "passed",
      "speed": "fast",
      "pass": true,
      "fail": false,
      "pending": false,
      "code": "global.fctname= this.test.title;\n\t\t    this.client\n    .signoutBO()\n    .call(done);",
      "err": {},
      "isRoot": false,
      "uuid": "5be23fb9-7f98-4ca9-bb9a-a2e6ff5a5217",
      "parentUUID": "cf736c0f-34e9-4287-bf35-211cc6dfed73",
      "isHook": false,
      "skipped": false
    },
    {
      "title": "should acces to the account creation interface",
      "fullTitle": "Create a customer account in FO should acces to the account creation interface",
      "timedOut": false,
      "duration": 2047,
      "state": "passed",
      "speed": "fast",
      "pass": true,
      "fail": false,
      "pending": false,
      "code": "global.fctname= this.test.title;\n\tthis.client\n\t\t.url('http://' + URL)\n\t\t.waitForExist(this.selector.access_loginFO, 90000)\n\t\t.click(this.selector.access_loginFO)\n\t\t.waitForExist(this.selector.create_account_button, 90000)\n\t\t.click(this.selector.create_account_button)\n\t\t.call(done);",
      "err": {},
      "isRoot": false,
      "uuid": "28965492-fe6a-4e2c-be83-f274feab1b0d",
      "parentUUID": "223e230e-1aad-48e3-8665-efc422294d92",
      "isHook": false,
      "skipped": false
    },
    {
      "title": "should fill the form",
      "fullTitle": "Create a customer account in FO should fill the form",
      "timedOut": false,
      "duration": 2754,
      "state": "passed",
      "speed": "fast",
      "pass": true,
      "fail": false,
      "pending": false,
      "code": "global.fctname= this.test.title;\n\tthis.client\n\t\t.waitForExist(this.selector.create_account_firstname,60000)\n\t\t.setValue(this.selector.create_account_firstname, 'my firstname')\n\t\t.setValue(this.selector.create_account_lastname, 'my lastname')\n\t\t.setValue(this.selector.create_account_email, new_customer_email)\n\t\t.setValue(this.selector.create_account_password, '123456789')\n\t\t.pause(2000)\n\t    .call(done);",
      "err": {},
      "isRoot": false,
      "uuid": "de1c2212-c42a-49d8-af8b-a15bec132201",
      "parentUUID": "223e230e-1aad-48e3-8665-efc422294d92",
      "isHook": false,
      "skipped": false
    },
    {
      "title": "should validate the creation of the account",
      "fullTitle": "Create a customer account in FO should validate the creation of the account",
      "timedOut": false,
      "duration": 1280,
      "state": "passed",
      "speed": "fast",
      "pass": true,
      "fail": false,
      "pending": false,
      "code": "global.fctname= this.test.title;\n\tthis.client\n\t\t.click(this.selector.create_account_info_validate)\n\t\t.waitForExist(this.selector.logo_home_pageFO, 90000)\n\t\t.call(done);",
      "err": {},
      "isRoot": false,
      "uuid": "ea64624c-2fc3-4076-9cd0-db6cca7c62d8",
      "parentUUID": "223e230e-1aad-48e3-8665-efc422294d92",
      "isHook": false,
      "skipped": false
    },
    {
      "title": "should log out",
      "fullTitle": "Log out and Log in again should log out",
      "timedOut": false,
      "duration": 1,
      "state": "passed",
      "speed": "fast",
      "pass": true,
      "fail": false,
      "pending": false,
      "code": "global.fctname= this.test.title;\n\tthis.client\n\t\t.signoutFO()\n\t\t.call(done);",
      "err": {},
      "isRoot": false,
      "uuid": "8b27633a-a3b6-4333-81cb-5d61add88a11",
      "parentUUID": "139f8cb7-7116-4d44-997a-844383a8d9bf",
      "isHook": false,
      "skipped": false
    },
    {
      "title": "should log in again",
      "fullTitle": "Log out and Log in again should log in again",
      "timedOut": false,
      "duration": 1968,
      "state": "passed",
      "speed": "fast",
      "pass": true,
      "fail": false,
      "pending": false,
      "code": "global.fctname= this.test.title;\n\tthis.client\n\t\t.url('http://' + URL)\n\t\t.waitForExist(this.selector.access_loginFO, 90000)\n\t\t.click(this.selector.access_loginFO)\n\t\t.waitForExist(this.selector.loginFO, 90000)\n\t\t.setValue(this.selector.loginFO, new_customer_email)\n\t\t.setValue(this.selector.passwordFO, '123456789')\n\t\t.click(this.selector.login_btnFO)\n\t\t.waitForExist(this.selector.logo_home_pageFO, 90000)\n\t\t.call(done);",
      "err": {},
      "isRoot": false,
      "uuid": "f6958e70-d76b-460e-b015-8712499064be",
      "parentUUID": "139f8cb7-7116-4d44-997a-844383a8d9bf",
      "isHook": false,
      "skipped": false
    },
    {
      "title": "should logout successfully in FO",
      "fullTitle": "Log out in Front Office should logout successfully in FO",
      "timedOut": false,
      "duration": 1,
      "state": "passed",
      "speed": "fast",
      "pass": true,
      "fail": false,
      "pending": false,
      "code": "global.fctname= this.test.title;\n\tthis.client\n\t\t.signoutFO()\n\t\t.call(done);",
      "err": {},
      "isRoot": false,
      "uuid": "f5021bca-49e4-4668-ab23-6c7aa43c4856",
      "parentUUID": "4b564613-cad4-4b9e-8d31-73386c61ba3d",
      "isHook": false,
      "skipped": false
    }
  ],
  "allFailures": [
    {
      "title": "Should generate picture url",
      "fullTitle": "Check the product in the catalog Should generate picture url",
      "timedOut": false,
      "duration": 1,
      "state": "failed",
      "pass": false,
      "fail": true,
      "pending": false,
      "code": "picture_url = \"/img/p\";\nfor (var i = 0, len = image_data_id.length; i < len; i++) {\n\tpicture_url= picture_url + \"/\" + image_data_id[i];\n}\npicture_url = picture_url + \"/\" + image_data_id + \"-home_default.jpg\";\nthis.client.call(done);",
      "err": {
        "message": "ReferenceError: picture_url is not defined",
        "estack": "ReferenceError: picture_url is not defined\n    at Context.<anonymous> (scenario/BO/create_product.webdriverio.js:199:16)"
      },
      "isRoot": false,
      "uuid": "c1340f55-60c5-4f86-8112-06ffd997b845",
      "parentUUID": "95e50549-ed46-4699-a6c0-72ec0fd08eef",
      "isHook": false,
      "skipped": false
    },
    {
      "title": "should check the product image",
      "fullTitle": "Check the product in Back Office should check the product image",
      "timedOut": false,
      "duration": 0,
      "state": "failed",
      "pass": false,
      "fail": true,
      "pending": false,
      "code": "global.fctname= this.test.title;\n                this.client\n                    .getAttribute('div[data-id=\"' + image_data_id + '\"] > div ', \"style\").then(function(text) {\n                        var my_picture_url_temp = text[0].split(\"url(\\\"\");\n                        var my_picture_url = my_picture_url_temp[1].split(\"\\\")\");\n                        var my_final_picture_url = my_picture_url[0].split(\"img/\");\n                        var final_picture_url = picture_url.split(\"img/\");\n                        should(my_final_picture_url[1]).be.equal(final_picture_url[1]);\n                    })\n                    .call(done);",
      "err": {
        "message": "ReferenceError: picture_url is not defined",
        "estack": "ReferenceError: picture_url is not defined\n    at Object.<anonymous> (scenario/BO/create_product.webdriverio.js:273:61)\n    at Object.exec (/projet/PSFunctionalTests/node_modules/webdriverio/build/lib/helpers/safeExecute.js:28:24)\n    at Object.resolve (/projet/PSFunctionalTests/node_modules/webdriverio/build/lib/webdriverio.js:189:29)\n    at /projet/PSFunctionalTests/node_modules/webdriverio/build/lib/webdriverio.js:538:32\n    at _fulfilled (/projet/PSFunctionalTests/node_modules/q/q.js:854:54)\n    at self.promiseDispatch.done (/projet/PSFunctionalTests/node_modules/q/q.js:883:30)\n    at Promise.promise.promiseDispatch (/projet/PSFunctionalTests/node_modules/q/q.js:816:13)\n    at /projet/PSFunctionalTests/node_modules/q/q.js:624:44\n    at runSingle (/projet/PSFunctionalTests/node_modules/q/q.js:137:13)\n    at flush (/projet/PSFunctionalTests/node_modules/q/q.js:125:13)\n    at _combinedTickCallback (internal/process/next_tick.js:67:7)\n    at process._tickDomainCallback (internal/process/next_tick.js:122:9)"
      },
      "isRoot": false,
      "uuid": "d639846c-61f4-4fd4-aec3-bceb541958bb",
      "parentUUID": "b07e6b73-9848-4279-8d3c-7ab4a7669fef",
      "isHook": false,
      "skipped": false
    },
    {
      "title": "should check the product name",
      "fullTitle": "Check the product should check the product name",
      "timedOut": false,
      "duration": 0,
      "state": "failed",
      "pass": false,
      "fail": true,
      "pending": false,
      "code": "global.fctname= this.test.title;\n\t\t\tthis.client\n\t\t\t\t.waitForExist(this.selector.search_product_result_name, 90000)\n\t\t\t\t.getText(this.selector.search_product_result_name).then(function(text) {\n\t\t\t\t\tvar my_name = text;\n\t\t\t\t\tshould(my_name.toLowerCase()).be.equal('test_nodejs_' + product_id);\n\t\t\t\t})\n\t\t\t\t.call(done);",
      "err": {
        "message": "AssertionError: expected 'test_nodejs_1500370245265' to be 'test_nodejs_1501844715413'",
        "estack": "AssertionError: expected 'test_nodejs_1500370245265' to be 'test_nodejs_1501844715413'\n    at Assertion.fail (/projet/PSFunctionalTests/node_modules/should/cjs/should.js:326:17)\n    at Assertion.value (/projet/PSFunctionalTests/node_modules/should/cjs/should.js:398:19)\n    at Object.<anonymous> (scenario/FO/check_product.webdriverio.js:42:39)\n    at Object.exec (/projet/PSFunctionalTests/node_modules/webdriverio/build/lib/helpers/safeExecute.js:28:24)\n    at Object.resolve (/projet/PSFunctionalTests/node_modules/webdriverio/build/lib/webdriverio.js:189:29)\n    at /projet/PSFunctionalTests/node_modules/webdriverio/build/lib/webdriverio.js:538:32\n    at _fulfilled (/projet/PSFunctionalTests/node_modules/q/q.js:854:54)\n    at self.promiseDispatch.done (/projet/PSFunctionalTests/node_modules/q/q.js:883:30)\n    at Promise.promise.promiseDispatch (/projet/PSFunctionalTests/node_modules/q/q.js:816:13)\n    at /projet/PSFunctionalTests/node_modules/q/q.js:624:44\n    at runSingle (/projet/PSFunctionalTests/node_modules/q/q.js:137:13)\n    at flush (/projet/PSFunctionalTests/node_modules/q/q.js:125:13)\n    at _combinedTickCallback (internal/process/next_tick.js:67:7)\n    at process._tickDomainCallback (internal/process/next_tick.js:122:9)",
        "diff": "- test_nodejs_1500370245265\n+ test_nodejs_1501844715413\n"
      },
      "isRoot": false,
      "uuid": "ff34fde2-044e-495a-b105-94a41d85ca4b",
      "parentUUID": "93c2c6ce-d685-4c6f-8b7e-0563f1116716",
      "isHook": false,
      "skipped": false
    },
    {
      "title": "should check the product price",
      "fullTitle": "Check the product should check the product price",
      "timedOut": false,
      "duration": 0,
      "state": "failed",
      "pass": false,
      "fail": true,
      "pending": false,
      "code": "global.fctname= this.test.title;\n\tthis.client\n\t\t.getText(this.selector.search_product_result_price).then(function(text) {\n\t\t\tvar my_price = text;\n\t\t\tshould(my_price).be.equal(\"€6.00\");\n\t\t})\n\t\t.call(done);",
      "err": {
        "message": "AssertionError: expected Array [\n  '6,00 €',\n  '6,00 €',\n  '6,00 €',\n  '6,00 €',\n  '6,00 €',\n  '6,00 €',\n  '6,00 €',\n  '6,00 €',\n  '6,00 €',\n  '6,00 €',\n  '6,00 €'\n] to be '€6.00'",
        "estack": "AssertionError: expected Array [\n  '6,00 €',\n  '6,00 €',\n  '6,00 €',\n  '6,00 €',\n  '6,00 €',\n  '6,00 €',\n  '6,00 €',\n  '6,00 €',\n  '6,00 €',\n  '6,00 €',\n  '6,00 €'\n] to be '€6.00'\n    at Assertion.fail (/projet/PSFunctionalTests/node_modules/should/cjs/should.js:326:17)\n    at Assertion.value (/projet/PSFunctionalTests/node_modules/should/cjs/should.js:398:19)\n    at Object.<anonymous> (scenario/FO/check_product.webdriverio.js:52:26)\n    at Object.exec (/projet/PSFunctionalTests/node_modules/webdriverio/build/lib/helpers/safeExecute.js:28:24)\n    at Object.resolve (/projet/PSFunctionalTests/node_modules/webdriverio/build/lib/webdriverio.js:189:29)\n    at /projet/PSFunctionalTests/node_modules/webdriverio/build/lib/webdriverio.js:538:32\n    at _fulfilled (/projet/PSFunctionalTests/node_modules/q/q.js:854:54)\n    at self.promiseDispatch.done (/projet/PSFunctionalTests/node_modules/q/q.js:883:30)\n    at Promise.promise.promiseDispatch (/projet/PSFunctionalTests/node_modules/q/q.js:816:13)\n    at /projet/PSFunctionalTests/node_modules/q/q.js:624:44\n    at runSingle (/projet/PSFunctionalTests/node_modules/q/q.js:137:13)\n    at flush (/projet/PSFunctionalTests/node_modules/q/q.js:125:13)\n    at _combinedTickCallback (internal/process/next_tick.js:67:7)\n    at process._tickDomainCallback (internal/process/next_tick.js:122:9)"
      },
      "isRoot": false,
      "uuid": "185b77df-3976-4694-81ce-960dc1c58d40",
      "parentUUID": "93c2c6ce-d685-4c6f-8b7e-0563f1116716",
      "isHook": false,
      "skipped": false
    },
    {
      "title": "should check the product details",
      "fullTitle": "Check the product should check the product details",
      "timedOut": false,
      "duration": 0,
      "state": "failed",
      "pass": false,
      "fail": true,
      "pending": false,
      "code": "global.fctname= this.test.title;\n\tthis.client\n\t\t.click(this.selector.search_product_result_name)\n\t\t.waitForExist(this.selector.product_name_details, 90000)\n\t\t.getText(this.selector.product_name_details).then(function(text) {\n\t\t\tvar my_name_check = text;\n\t\t\tshould(my_name_check.toLowerCase()).be.equal('test_nodejs_' + product_id);\n\t\t})\n\t\t//image_data_id\n\t\t.getAttribute('img[class=\"js-qv-product-cover\"]', \"src\").then(function(text) {\n\t\t\tvar my_src_temp = text;\n\t\t\tmy_src_temp.should.containEql(image_data_id + '-large_default');\n\t\t})\n\t\t.getText(this.selector.product_price_details).then(function(text) {\n\t\t\tvar my_price2 = text;\n\t\t\tshould(my_price2).be.equal(\"€6.00\");\n\t\t})\n\t\t.call(done);",
      "err": {
        "message": "AssertionError: expected 'test_nodejs_1500370245265' to be 'test_nodejs_1501844715413'",
        "estack": "AssertionError: expected 'test_nodejs_1500370245265' to be 'test_nodejs_1501844715413'\n    at elementIdText(\"52\") - getText.js:35:50",
        "diff": "- test_nodejs_1500370245265\n+ test_nodejs_1501844715413\n"
      },
      "isRoot": false,
      "uuid": "67eef4a3-b286-47e9-874d-b165936c75c5",
      "parentUUID": "93c2c6ce-d685-4c6f-8b7e-0563f1116716",
      "isHook": false,
      "skipped": false
    },
    {
      "title": "should validate price of product",
      "fullTitle": "Validate the cart should validate price of product",
      "timedOut": false,
      "duration": 0,
      "state": "failed",
      "pass": false,
      "fail": true,
      "pending": false,
      "code": "global.fctname= this.test.title;\n\tthis.client\n\t\t.getText(this.selector.command_product_price).then(function(text) {\n\t\t\tvar command_price_check = text;\n\t\t\tshould(command_price_check).be.equal(my_price);\n\t\t})\n\t\t.call(done);",
      "err": {
        "message": "AssertionError: expected Array [ 'Taille:', 'S' ] to be '19,81 €'",
        "estack": "AssertionError: expected Array [ 'Taille:', 'S' ] to be '19,81 €'\n    at Assertion.fail (/projet/PSFunctionalTests/node_modules/should/cjs/should.js:326:17)\n    at Assertion.value (/projet/PSFunctionalTests/node_modules/should/cjs/should.js:398:19)\n    at Object.<anonymous> (scenario/FO/buy_product.webdriverio.js:97:37)\n    at Object.exec (/projet/PSFunctionalTests/node_modules/webdriverio/build/lib/helpers/safeExecute.js:28:24)\n    at Object.resolve (/projet/PSFunctionalTests/node_modules/webdriverio/build/lib/webdriverio.js:189:29)\n    at /projet/PSFunctionalTests/node_modules/webdriverio/build/lib/webdriverio.js:538:32\n    at _fulfilled (/projet/PSFunctionalTests/node_modules/q/q.js:854:54)\n    at self.promiseDispatch.done (/projet/PSFunctionalTests/node_modules/q/q.js:883:30)\n    at Promise.promise.promiseDispatch (/projet/PSFunctionalTests/node_modules/q/q.js:816:13)\n    at /projet/PSFunctionalTests/node_modules/q/q.js:624:44\n    at runSingle (/projet/PSFunctionalTests/node_modules/q/q.js:137:13)\n    at flush (/projet/PSFunctionalTests/node_modules/q/q.js:125:13)\n    at _combinedTickCallback (internal/process/next_tick.js:67:7)\n    at process._tickDomainCallback (internal/process/next_tick.js:122:9)"
      },
      "isRoot": false,
      "uuid": "f2bc83d3-b21c-4884-9bb1-4e8413b12d83",
      "parentUUID": "8131f525-fa27-46e1-a6c1-f62b528824fe",
      "isHook": false,
      "skipped": false
    }
  ],
  "copyrightYear": 2017
}