{
  "stats": {
    "suites": 7,
    "tests": 27,
    "passes": 2,
    "pending": 0,
    "failures": 25,
    "start": "2017-08-04T10:21:54.607Z",
    "end": "2017-08-04T10:25:04.171Z",
    "duration": 189564,
    "testsRegistered": 27,
    "passPercent": 7.4,
    "pendingPercent": 0,
    "other": 0,
    "hasOther": false,
    "skipped": 0,
    "hasSkipped": false,
    "passPercentClass": "danger",
    "pendingPercentClass": "danger"
  },
  "suites": {
    "title": "",
    "suites": [
      {
        "title": "Allscenario",
        "suites": [
          {
            "title": "The Product Creation",
            "suites": [
              {
                "title": "Log in in Back Office",
                "suites": [],
                "tests": [
                  {
                    "title": "should log in successfully in BO",
                    "fullTitle": "The Product Creation Log in in Back Office should log in successfully in BO",
                    "timedOut": false,
                    "duration": 2870,
                    "state": "passed",
                    "speed": "fast",
                    "pass": true,
                    "fail": false,
                    "pending": false,
                    "code": "global.fctname= this.test.title;\nthis.client\n    //.signinBO()\n    .url('http://' + URL + '/admin-dev')\n    .waitForExist(this.selector.login, 120000)\n    .setValue(this.selector.login, 'demo@prestashop.com')\n    .waitForExist(this.selector.password, 120000)\n    .setValue(this.selector.password, 'prestashop_demo')\n    .waitForExist(this.selector.login_btn, 90000)\n    .click(this.selector.login_btn)\n    .waitForExist(this.selector.menu, 60000)\n    .call(done);",
                    "err": {},
                    "isRoot": false,
                    "uuid": "a1b48fda-1969-4a59-92ae-44fb05950e60",
                    "parentUUID": "3d61295d-ade8-4bc4-9651-917ae8a78da1",
                    "isHook": false,
                    "skipped": false
                  }
                ],
                "pending": [],
                "root": false,
                "_timeout": 100000,
                "file": "/index.webdriverio.js",
                "uuid": "3d61295d-ade8-4bc4-9651-917ae8a78da1",
                "beforeHooks": [],
                "afterHooks": [],
                "fullFile": "/projet/PSFunctionalTests/test/itg/1.6/index.webdriverio.js",
                "passes": [
                  {
                    "title": "should log in successfully in BO",
                    "fullTitle": "The Product Creation Log in in Back Office should log in successfully in BO",
                    "timedOut": false,
                    "duration": 2870,
                    "state": "passed",
                    "speed": "fast",
                    "pass": true,
                    "fail": false,
                    "pending": false,
                    "code": "global.fctname= this.test.title;\nthis.client\n    //.signinBO()\n    .url('http://' + URL + '/admin-dev')\n    .waitForExist(this.selector.login, 120000)\n    .setValue(this.selector.login, 'demo@prestashop.com')\n    .waitForExist(this.selector.password, 120000)\n    .setValue(this.selector.password, 'prestashop_demo')\n    .waitForExist(this.selector.login_btn, 90000)\n    .click(this.selector.login_btn)\n    .waitForExist(this.selector.menu, 60000)\n    .call(done);",
                    "err": {},
                    "isRoot": false,
                    "uuid": "a1b48fda-1969-4a59-92ae-44fb05950e60",
                    "parentUUID": "3d61295d-ade8-4bc4-9651-917ae8a78da1",
                    "isHook": false,
                    "skipped": false
                  }
                ],
                "failures": [],
                "skipped": [],
                "hasBeforeHooks": false,
                "hasAfterHooks": false,
                "hasTests": true,
                "hasSuites": false,
                "totalTests": 1,
                "totalPasses": 1,
                "totalFailures": 0,
                "totalPending": 0,
                "totalSkipped": 0,
                "hasPasses": true,
                "hasFailures": false,
                "hasPending": false,
                "hasSkipped": false,
                "duration": 2870,
                "rootEmpty": false
              },
              {
                "title": "Create new product",
                "suites": [],
                "tests": [
                  {
                    "title": "should go to the products page",
                    "fullTitle": "The Product Creation Create new product should go to the products page",
                    "timedOut": false,
                    "duration": 0,
                    "state": "failed",
                    "pass": false,
                    "fail": true,
                    "pending": false,
                    "code": "global.fctname= this.test.title;\nthis.client\n    .click(this.selector.products)\n    .waitForExist(this.selector.new_product, 120000)\n    .call(done);",
                    "err": {
                      "message": "Error: An element could not be located on the page using the given search parameters.",
                      "estack": "Error: An element could not be located on the page using the given search parameters.\n    at element(\"#maintab-AdminCatalog > a\") - click.js:12:17\n    at waitForExist(\"#page-header-desc-product-new_product\", 120000) - create_product.webdriverio.js:41:18"
                    },
                    "isRoot": false,
                    "uuid": "de6771e8-a421-432c-9641-54048b2eb863",
                    "parentUUID": "d7bc3600-08ec-4ad2-94b9-92bea1363099",
                    "isHook": false,
                    "skipped": false
                  },
                  {
                    "title": "should click on the <add new product> button",
                    "fullTitle": "The Product Creation Create new product should click on the <add new product> button",
                    "timedOut": true,
                    "duration": 100001,
                    "state": "failed",
                    "pass": false,
                    "fail": true,
                    "pending": false,
                    "code": "this.client\n    .waitForExist(this.selector.new_product, 120000)\n    .click(this.selector.new_product)\n    .waitForExist(this.selector.product_name, 60000)\n    .call(done);",
                    "err": {
                      "message": "Error: Timeout of 100000ms exceeded. For async tests and hooks, ensure \"done()\" is called; if returning a Promise, ensure it resolves.",
                      "estack": "Error: Timeout of 100000ms exceeded. For async tests and hooks, ensure \"done()\" is called; if returning a Promise, ensure it resolves."
                    },
                    "isRoot": false,
                    "uuid": "656199df-d1f9-4481-9e63-f8e50246ab19",
                    "parentUUID": "d7bc3600-08ec-4ad2-94b9-92bea1363099",
                    "isHook": false,
                    "skipped": false
                  },
                  {
                    "title": "should enter the product name",
                    "fullTitle": "The Product Creation Create new product should enter the product name",
                    "timedOut": false,
                    "duration": 0,
                    "state": "failed",
                    "pass": false,
                    "fail": true,
                    "pending": false,
                    "code": "global.fctname= this.test.title;\nthis.client\n    .setValue(this.selector.product_name, 'test_nodejs_' + product_id)\n    .pause(20000)\n    .call(done);",
                    "err": {
                      "message": "Error: An element could not be located on the page using the given search parameters (\"#name_1\").",
                      "estack": "Error: An element could not be located on the page using the given search parameters (\"#name_1\").\n    at elements(\"#name_1\") - setValue.js:29:17\n    at pause(20000) - create_product.webdriverio.js:57:18"
                    },
                    "isRoot": false,
                    "uuid": "37a3e156-3fde-40ef-8e5f-bd9c94c86133",
                    "parentUUID": "d7bc3600-08ec-4ad2-94b9-92bea1363099",
                    "isHook": false,
                    "skipped": false
                  },
                  {
                    "title": "should enter the product summary",
                    "fullTitle": "The Product Creation Create new product should enter the product summary",
                    "timedOut": false,
                    "duration": 0,
                    "state": "failed",
                    "pass": false,
                    "fail": true,
                    "pending": false,
                    "code": "global.fctname= this.test.title;\nthis.client\n    .frame(this.selector.summary, function (err, result){\n        if (err) console.log(err);\n        })\n    .setValue(\"#tinymce\", \"this is the summary\")\n    .frameParent()\n    .pause(2000)\n    .call(done);",
                    "err": {
                      "message": "Error: No frame element found by name or id description_short_1_ifr\nBuild info: version: '3.4.0', revision: 'unknown', time: 'unknown'\nSystem info: host: 'fouratA', ip: '127.0.1.1', os.name: 'Linux', os.arch: 'amd64', os.version: '3.13.0-48-generic', java.version: '1.8.0_91'\nDriver info: driver.version: unknown",
                      "estack": "Error: A request to switch to a frame could not be satisfied because the frame could not be found.\n    at pause(2000) - create_product.webdriverio.js:69:18"
                    },
                    "isRoot": false,
                    "uuid": "c286c4da-6877-46d0-a796-3432d5583191",
                    "parentUUID": "d7bc3600-08ec-4ad2-94b9-92bea1363099",
                    "isHook": false,
                    "skipped": false
                  },
                  {
                    "title": "should enter the product description",
                    "fullTitle": "The Product Creation Create new product should enter the product description",
                    "timedOut": false,
                    "duration": 0,
                    "state": "failed",
                    "pass": false,
                    "fail": true,
                    "pending": false,
                    "code": "global.fctname= this.test.title;\nthis.client\n    .frame(this.selector.description, function (err, result){\n        if (err) console.log(err);\n        })\n    .setValue(\"#tinymce\", \"this is the description\")\n    .frameParent()\n    .pause(2000)\n    .call(done);",
                    "err": {
                      "message": "Error: No frame element found by name or id description_1_ifr\nBuild info: version: '3.4.0', revision: 'unknown', time: 'unknown'\nSystem info: host: 'fouratA', ip: '127.0.1.1', os.name: 'Linux', os.arch: 'amd64', os.version: '3.13.0-48-generic', java.version: '1.8.0_91'\nDriver info: driver.version: unknown",
                      "estack": "Error: A request to switch to a frame could not be satisfied because the frame could not be found.\n    at pause(2000) - create_product.webdriverio.js:81:18"
                    },
                    "isRoot": false,
                    "uuid": "aa97ab0b-3f4e-41f3-80e4-5dfff6241024",
                    "parentUUID": "d7bc3600-08ec-4ad2-94b9-92bea1363099",
                    "isHook": false,
                    "skipped": false
                  },
                  {
                    "title": "should save and stay in the poduct page",
                    "fullTitle": "The Product Creation Create new product should save and stay in the poduct page",
                    "timedOut": false,
                    "duration": 0,
                    "state": "failed",
                    "pass": false,
                    "fail": true,
                    "pending": false,
                    "code": "global.fctname= this.test.title;\nthis.client\n    .click(this.selector.save_and_stay_product)\n    .waitForExist(this.selector.close_green_validation, 60000)\n    .click(this.selector.close_green_validation)\n    .call(done);",
                    "err": {
                      "message": "Error: An element could not be located on the page using the given search parameters.",
                      "estack": "Error: An element could not be located on the page using the given search parameters.\n    at elements(\"#page-header-desc-product-new_product\") - isExisting.js:46:17\n    at isExisting(\"#page-header-desc-product-new_product\") - waitForExist.js:67:22"
                    },
                    "isRoot": false,
                    "uuid": "3b99a845-4613-4e94-96b9-28a1c66fb50e",
                    "parentUUID": "d7bc3600-08ec-4ad2-94b9-92bea1363099",
                    "isHook": false,
                    "skipped": false
                  },
                  {
                    "title": "should go to the product prices form",
                    "fullTitle": "The Product Creation Create new product should go to the product prices form",
                    "timedOut": false,
                    "duration": 0,
                    "state": "failed",
                    "pass": false,
                    "fail": true,
                    "pending": false,
                    "code": "global.fctname= this.test.title;\nthis.client\n    .waitForExist(this.selector.product_price, 60000)\n    .click(this.selector.product_price)\n    .waitForExist(this.selector.wholesale_price, 60000)\n    .call(done);",
                    "err": {
                      "message": "Error: element (\"#page-header-desc-product-new_product\") still not existing after 120000ms",
                      "estack": "Error: element (\"#page-header-desc-product-new_product\") still not existing after 120000ms\n    at elements(\"#link-Prices\") - isExisting.js:46:17\n    at isExisting(\"#link-Prices\") - waitForExist.js:67:22"
                    },
                    "isRoot": false,
                    "uuid": "8155c40c-0b45-4dd0-a91d-a5bfd9f68904",
                    "parentUUID": "d7bc3600-08ec-4ad2-94b9-92bea1363099",
                    "isHook": false,
                    "skipped": false
                  },
                  {
                    "title": "should enter the product price information",
                    "fullTitle": "The Product Creation Create new product should enter the product price information",
                    "timedOut": false,
                    "duration": 0,
                    "state": "failed",
                    "pass": false,
                    "fail": true,
                    "pending": false,
                    "code": "global.fctname= this.test.title;\nthis.client\n    .click(this.selector.wholesale_price)\n    .pause(2000)\n    .setValue(this.selector.wholesale_price, \"2\")\n    .click(this.selector.priceTE)\n    .pause(2000)\n    .setValue(this.selector.priceTE, \"5\")\n    .pause(2000)\n    .call(done);",
                    "err": {
                      "message": "Error: An element could not be located on the page using the given search parameters.",
                      "estack": "Error: An element could not be located on the page using the given search parameters.\n    at elements(\"#link-Prices\") - isExisting.js:46:17\n    at isExisting(\"#link-Prices\") - waitForExist.js:67:22"
                    },
                    "isRoot": false,
                    "uuid": "a076ca79-3377-488e-8e22-5d514424fe27",
                    "parentUUID": "d7bc3600-08ec-4ad2-94b9-92bea1363099",
                    "isHook": false,
                    "skipped": false
                  },
                  {
                    "title": "should save and stay in the product page",
                    "fullTitle": "The Product Creation Create new product should save and stay in the product page",
                    "timedOut": false,
                    "duration": 0,
                    "state": "failed",
                    "pass": false,
                    "fail": true,
                    "pending": false,
                    "code": "global.fctname= this.test.title;\nthis.client\n    .waitForExist(this.selector.save_and_stay_price, 60000)\n    .click(this.selector.save_and_stay_price)\n    .waitForExist(this.selector.close_green_validation, 60000)\n    .click(this.selector.close_green_validation)\n    .call(done);",
                    "err": {
                      "message": "Error: element (\"#link-Prices\") still not existing after 60000ms",
                      "estack": "Error: element (\"#link-Prices\") still not existing after 60000ms\n    at elements(\"//*[@id=\"product-prices\"]/div[10]/button[2]\") - isExisting.js:46:17\n    at isExisting(\"//*[@id=\"product-prices\"]/div[10]/button[2]\") - waitForExist.js:67:22"
                    },
                    "isRoot": false,
                    "uuid": "ffb2ad80-fe99-48fb-8b44-efc326a739c0",
                    "parentUUID": "d7bc3600-08ec-4ad2-94b9-92bea1363099",
                    "isHook": false,
                    "skipped": false
                  },
                  {
                    "title": "should go to the product quantity form",
                    "fullTitle": "The Product Creation Create new product should go to the product quantity form",
                    "timedOut": false,
                    "duration": 0,
                    "state": "failed",
                    "pass": false,
                    "fail": true,
                    "pending": false,
                    "code": "this.client\n    .click(this.selector.product_quantity)\n    .waitForExist(this.selector.quantity, 60000)\n    .call(done);",
                    "err": {
                      "message": "Error: An element could not be located on the page using the given search parameters.",
                      "estack": "Error: An element could not be located on the page using the given search parameters.\n    at elements(\"//*[@id=\"product-prices\"]/div[10]/button[2]\") - isExisting.js:46:17\n    at isExisting(\"//*[@id=\"product-prices\"]/div[10]/button[2]\") - waitForExist.js:67:22"
                    },
                    "isRoot": false,
                    "uuid": "01ec5683-8a69-4d87-aa21-5d83055944dc",
                    "parentUUID": "d7bc3600-08ec-4ad2-94b9-92bea1363099",
                    "isHook": false,
                    "skipped": false
                  },
                  {
                    "title": "should enter the product quantity",
                    "fullTitle": "The Product Creation Create new product should enter the product quantity",
                    "timedOut": false,
                    "duration": 0,
                    "state": "failed",
                    "pass": false,
                    "fail": true,
                    "pending": false,
                    "code": "global.fctname= this.test.title;\nthis.client\n    .pause(2000)\n    .clearElement(this.selector.quantity)\n    .pause(2000)\n    .click(this.selector.quantity)\n    .pause(2000)\n    .addValue(this.selector.quantity, \"1000\")\n    .waitForExist('//*[@id=\"out_of_stock_3\"]', 60000)\n    .click('//*[@id=\"out_of_stock_3\"]')\n    .pause(5000)\n    .call(done);",
                    "err": {
                      "message": "Error: An element could not be located on the page using the given search parameters (\"//*[@id=\"qty_0\"]/input\").",
                      "estack": "Error: An element could not be located on the page using the given search parameters (\"//*[@id=\"qty_0\"]/input\").\n    at elements(\"//*[@id=\"qty_0\"]/input\") - clearElement.js:18:17\n    at elements(\"//*[@id=\"product-prices\"]/div[10]/button[2]\") - isExisting.js:46:17\n    at isExisting(\"//*[@id=\"product-prices\"]/div[10]/button[2]\") - waitForExist.js:67:22"
                    },
                    "isRoot": false,
                    "uuid": "9fdc242f-3170-4c2a-bb05-10339d3c94a1",
                    "parentUUID": "d7bc3600-08ec-4ad2-94b9-92bea1363099",
                    "isHook": false,
                    "skipped": false
                  },
                  {
                    "title": "should go to the product image settings",
                    "fullTitle": "The Product Creation Create new product should go to the product image settings",
                    "timedOut": false,
                    "duration": 0,
                    "state": "failed",
                    "pass": false,
                    "fail": true,
                    "pending": false,
                    "code": "global.fctname= this.test.title;\nthis.client\n    .pause(1000)\n    .click(this.selector.product_picture)\n    .waitForExist(this.selector.picture, 60000)\n    .call(done);",
                    "err": {
                      "message": "Error: An element could not be located on the page using the given search parameters.",
                      "estack": "Error: An element could not be located on the page using the given search parameters.\n    at elements(\"//*[@id=\"product-prices\"]/div[10]/button[2]\") - isExisting.js:46:17\n    at isExisting(\"//*[@id=\"product-prices\"]/div[10]/button[2]\") - waitForExist.js:67:22"
                    },
                    "isRoot": false,
                    "uuid": "c21933ed-ad77-4157-a431-07e01fb5ede0",
                    "parentUUID": "d7bc3600-08ec-4ad2-94b9-92bea1363099",
                    "isHook": false,
                    "skipped": false
                  },
                  {
                    "title": "should set the product image",
                    "fullTitle": "The Product Creation Create new product should set the product image",
                    "timedOut": false,
                    "duration": 0,
                    "state": "failed",
                    "pass": false,
                    "fail": true,
                    "pending": false,
                    "code": "global.fctname= this.test.title;\nthis.client\n    .execute(function() {\n        document.getElementById(\"file\").style=\"\";\n        })\n    .chooseFile(this.selector.picture, toUpload)\n    .pause(3000)\n    .waitForExist(this.selector.upload_file_button, 60000)\n    .click(this.selector.upload_file_button)\n    .waitForExist(this.selector.upload_succes, 60000)\n    .getAttribute('img[title=' + 'test_nodejs_' + product_id + ']', \"src\").then(function(text) {\n        var src_creation_temp = text;\n        var src_creation_temp2 = src_creation_temp.split(\"/img\");\n        var src_creation_temp3 = src_creation_temp2[1].split(\"?time\");\n        global.src_creation = src_creation_temp3[0];\n    })\n    .call(done);",
                    "err": {
                      "message": "Error: unknown error: Cannot set property 'style' of null",
                      "estack": "Error: An unknown server-side error occurred while processing the command.\n    at elements(\"//*[@id=\"product-prices\"]/div[10]/button[2]\") - isExisting.js:46:17\n    at isExisting(\"//*[@id=\"product-prices\"]/div[10]/button[2]\") - waitForExist.js:67:22"
                    },
                    "isRoot": false,
                    "uuid": "2cd6bb94-246b-420b-9fe5-756a5160e093",
                    "parentUUID": "d7bc3600-08ec-4ad2-94b9-92bea1363099",
                    "isHook": false,
                    "skipped": false
                  }
                ],
                "pending": [],
                "root": false,
                "_timeout": 100000,
                "file": "/index.webdriverio.js",
                "uuid": "d7bc3600-08ec-4ad2-94b9-92bea1363099",
                "beforeHooks": [],
                "afterHooks": [],
                "fullFile": "/projet/PSFunctionalTests/test/itg/1.6/index.webdriverio.js",
                "passes": [],
                "failures": [
                  {
                    "title": "should go to the products page",
                    "fullTitle": "The Product Creation Create new product should go to the products page",
                    "timedOut": false,
                    "duration": 0,
                    "state": "failed",
                    "pass": false,
                    "fail": true,
                    "pending": false,
                    "code": "global.fctname= this.test.title;\nthis.client\n    .click(this.selector.products)\n    .waitForExist(this.selector.new_product, 120000)\n    .call(done);",
                    "err": {
                      "message": "Error: An element could not be located on the page using the given search parameters.",
                      "estack": "Error: An element could not be located on the page using the given search parameters.\n    at element(\"#maintab-AdminCatalog > a\") - click.js:12:17\n    at waitForExist(\"#page-header-desc-product-new_product\", 120000) - create_product.webdriverio.js:41:18"
                    },
                    "isRoot": false,
                    "uuid": "de6771e8-a421-432c-9641-54048b2eb863",
                    "parentUUID": "d7bc3600-08ec-4ad2-94b9-92bea1363099",
                    "isHook": false,
                    "skipped": false
                  },
                  {
                    "title": "should click on the <add new product> button",
                    "fullTitle": "The Product Creation Create new product should click on the <add new product> button",
                    "timedOut": true,
                    "duration": 100001,
                    "state": "failed",
                    "pass": false,
                    "fail": true,
                    "pending": false,
                    "code": "this.client\n    .waitForExist(this.selector.new_product, 120000)\n    .click(this.selector.new_product)\n    .waitForExist(this.selector.product_name, 60000)\n    .call(done);",
                    "err": {
                      "message": "Error: Timeout of 100000ms exceeded. For async tests and hooks, ensure \"done()\" is called; if returning a Promise, ensure it resolves.",
                      "estack": "Error: Timeout of 100000ms exceeded. For async tests and hooks, ensure \"done()\" is called; if returning a Promise, ensure it resolves."
                    },
                    "isRoot": false,
                    "uuid": "656199df-d1f9-4481-9e63-f8e50246ab19",
                    "parentUUID": "d7bc3600-08ec-4ad2-94b9-92bea1363099",
                    "isHook": false,
                    "skipped": false
                  },
                  {
                    "title": "should enter the product name",
                    "fullTitle": "The Product Creation Create new product should enter the product name",
                    "timedOut": false,
                    "duration": 0,
                    "state": "failed",
                    "pass": false,
                    "fail": true,
                    "pending": false,
                    "code": "global.fctname= this.test.title;\nthis.client\n    .setValue(this.selector.product_name, 'test_nodejs_' + product_id)\n    .pause(20000)\n    .call(done);",
                    "err": {
                      "message": "Error: An element could not be located on the page using the given search parameters (\"#name_1\").",
                      "estack": "Error: An element could not be located on the page using the given search parameters (\"#name_1\").\n    at elements(\"#name_1\") - setValue.js:29:17\n    at pause(20000) - create_product.webdriverio.js:57:18"
                    },
                    "isRoot": false,
                    "uuid": "37a3e156-3fde-40ef-8e5f-bd9c94c86133",
                    "parentUUID": "d7bc3600-08ec-4ad2-94b9-92bea1363099",
                    "isHook": false,
                    "skipped": false
                  },
                  {
                    "title": "should enter the product summary",
                    "fullTitle": "The Product Creation Create new product should enter the product summary",
                    "timedOut": false,
                    "duration": 0,
                    "state": "failed",
                    "pass": false,
                    "fail": true,
                    "pending": false,
                    "code": "global.fctname= this.test.title;\nthis.client\n    .frame(this.selector.summary, function (err, result){\n        if (err) console.log(err);\n        })\n    .setValue(\"#tinymce\", \"this is the summary\")\n    .frameParent()\n    .pause(2000)\n    .call(done);",
                    "err": {
                      "message": "Error: No frame element found by name or id description_short_1_ifr\nBuild info: version: '3.4.0', revision: 'unknown', time: 'unknown'\nSystem info: host: 'fouratA', ip: '127.0.1.1', os.name: 'Linux', os.arch: 'amd64', os.version: '3.13.0-48-generic', java.version: '1.8.0_91'\nDriver info: driver.version: unknown",
                      "estack": "Error: A request to switch to a frame could not be satisfied because the frame could not be found.\n    at pause(2000) - create_product.webdriverio.js:69:18"
                    },
                    "isRoot": false,
                    "uuid": "c286c4da-6877-46d0-a796-3432d5583191",
                    "parentUUID": "d7bc3600-08ec-4ad2-94b9-92bea1363099",
                    "isHook": false,
                    "skipped": false
                  },
                  {
                    "title": "should enter the product description",
                    "fullTitle": "The Product Creation Create new product should enter the product description",
                    "timedOut": false,
                    "duration": 0,
                    "state": "failed",
                    "pass": false,
                    "fail": true,
                    "pending": false,
                    "code": "global.fctname= this.test.title;\nthis.client\n    .frame(this.selector.description, function (err, result){\n        if (err) console.log(err);\n        })\n    .setValue(\"#tinymce\", \"this is the description\")\n    .frameParent()\n    .pause(2000)\n    .call(done);",
                    "err": {
                      "message": "Error: No frame element found by name or id description_1_ifr\nBuild info: version: '3.4.0', revision: 'unknown', time: 'unknown'\nSystem info: host: 'fouratA', ip: '127.0.1.1', os.name: 'Linux', os.arch: 'amd64', os.version: '3.13.0-48-generic', java.version: '1.8.0_91'\nDriver info: driver.version: unknown",
                      "estack": "Error: A request to switch to a frame could not be satisfied because the frame could not be found.\n    at pause(2000) - create_product.webdriverio.js:81:18"
                    },
                    "isRoot": false,
                    "uuid": "aa97ab0b-3f4e-41f3-80e4-5dfff6241024",
                    "parentUUID": "d7bc3600-08ec-4ad2-94b9-92bea1363099",
                    "isHook": false,
                    "skipped": false
                  },
                  {
                    "title": "should save and stay in the poduct page",
                    "fullTitle": "The Product Creation Create new product should save and stay in the poduct page",
                    "timedOut": false,
                    "duration": 0,
                    "state": "failed",
                    "pass": false,
                    "fail": true,
                    "pending": false,
                    "code": "global.fctname= this.test.title;\nthis.client\n    .click(this.selector.save_and_stay_product)\n    .waitForExist(this.selector.close_green_validation, 60000)\n    .click(this.selector.close_green_validation)\n    .call(done);",
                    "err": {
                      "message": "Error: An element could not be located on the page using the given search parameters.",
                      "estack": "Error: An element could not be located on the page using the given search parameters.\n    at elements(\"#page-header-desc-product-new_product\") - isExisting.js:46:17\n    at isExisting(\"#page-header-desc-product-new_product\") - waitForExist.js:67:22"
                    },
                    "isRoot": false,
                    "uuid": "3b99a845-4613-4e94-96b9-28a1c66fb50e",
                    "parentUUID": "d7bc3600-08ec-4ad2-94b9-92bea1363099",
                    "isHook": false,
                    "skipped": false
                  },
                  {
                    "title": "should go to the product prices form",
                    "fullTitle": "The Product Creation Create new product should go to the product prices form",
                    "timedOut": false,
                    "duration": 0,
                    "state": "failed",
                    "pass": false,
                    "fail": true,
                    "pending": false,
                    "code": "global.fctname= this.test.title;\nthis.client\n    .waitForExist(this.selector.product_price, 60000)\n    .click(this.selector.product_price)\n    .waitForExist(this.selector.wholesale_price, 60000)\n    .call(done);",
                    "err": {
                      "message": "Error: element (\"#page-header-desc-product-new_product\") still not existing after 120000ms",
                      "estack": "Error: element (\"#page-header-desc-product-new_product\") still not existing after 120000ms\n    at elements(\"#link-Prices\") - isExisting.js:46:17\n    at isExisting(\"#link-Prices\") - waitForExist.js:67:22"
                    },
                    "isRoot": false,
                    "uuid": "8155c40c-0b45-4dd0-a91d-a5bfd9f68904",
                    "parentUUID": "d7bc3600-08ec-4ad2-94b9-92bea1363099",
                    "isHook": false,
                    "skipped": false
                  },
                  {
                    "title": "should enter the product price information",
                    "fullTitle": "The Product Creation Create new product should enter the product price information",
                    "timedOut": false,
                    "duration": 0,
                    "state": "failed",
                    "pass": false,
                    "fail": true,
                    "pending": false,
                    "code": "global.fctname= this.test.title;\nthis.client\n    .click(this.selector.wholesale_price)\n    .pause(2000)\n    .setValue(this.selector.wholesale_price, \"2\")\n    .click(this.selector.priceTE)\n    .pause(2000)\n    .setValue(this.selector.priceTE, \"5\")\n    .pause(2000)\n    .call(done);",
                    "err": {
                      "message": "Error: An element could not be located on the page using the given search parameters.",
                      "estack": "Error: An element could not be located on the page using the given search parameters.\n    at elements(\"#link-Prices\") - isExisting.js:46:17\n    at isExisting(\"#link-Prices\") - waitForExist.js:67:22"
                    },
                    "isRoot": false,
                    "uuid": "a076ca79-3377-488e-8e22-5d514424fe27",
                    "parentUUID": "d7bc3600-08ec-4ad2-94b9-92bea1363099",
                    "isHook": false,
                    "skipped": false
                  },
                  {
                    "title": "should save and stay in the product page",
                    "fullTitle": "The Product Creation Create new product should save and stay in the product page",
                    "timedOut": false,
                    "duration": 0,
                    "state": "failed",
                    "pass": false,
                    "fail": true,
                    "pending": false,
                    "code": "global.fctname= this.test.title;\nthis.client\n    .waitForExist(this.selector.save_and_stay_price, 60000)\n    .click(this.selector.save_and_stay_price)\n    .waitForExist(this.selector.close_green_validation, 60000)\n    .click(this.selector.close_green_validation)\n    .call(done);",
                    "err": {
                      "message": "Error: element (\"#link-Prices\") still not existing after 60000ms",
                      "estack": "Error: element (\"#link-Prices\") still not existing after 60000ms\n    at elements(\"//*[@id=\"product-prices\"]/div[10]/button[2]\") - isExisting.js:46:17\n    at isExisting(\"//*[@id=\"product-prices\"]/div[10]/button[2]\") - waitForExist.js:67:22"
                    },
                    "isRoot": false,
                    "uuid": "ffb2ad80-fe99-48fb-8b44-efc326a739c0",
                    "parentUUID": "d7bc3600-08ec-4ad2-94b9-92bea1363099",
                    "isHook": false,
                    "skipped": false
                  },
                  {
                    "title": "should go to the product quantity form",
                    "fullTitle": "The Product Creation Create new product should go to the product quantity form",
                    "timedOut": false,
                    "duration": 0,
                    "state": "failed",
                    "pass": false,
                    "fail": true,
                    "pending": false,
                    "code": "this.client\n    .click(this.selector.product_quantity)\n    .waitForExist(this.selector.quantity, 60000)\n    .call(done);",
                    "err": {
                      "message": "Error: An element could not be located on the page using the given search parameters.",
                      "estack": "Error: An element could not be located on the page using the given search parameters.\n    at elements(\"//*[@id=\"product-prices\"]/div[10]/button[2]\") - isExisting.js:46:17\n    at isExisting(\"//*[@id=\"product-prices\"]/div[10]/button[2]\") - waitForExist.js:67:22"
                    },
                    "isRoot": false,
                    "uuid": "01ec5683-8a69-4d87-aa21-5d83055944dc",
                    "parentUUID": "d7bc3600-08ec-4ad2-94b9-92bea1363099",
                    "isHook": false,
                    "skipped": false
                  },
                  {
                    "title": "should enter the product quantity",
                    "fullTitle": "The Product Creation Create new product should enter the product quantity",
                    "timedOut": false,
                    "duration": 0,
                    "state": "failed",
                    "pass": false,
                    "fail": true,
                    "pending": false,
                    "code": "global.fctname= this.test.title;\nthis.client\n    .pause(2000)\n    .clearElement(this.selector.quantity)\n    .pause(2000)\n    .click(this.selector.quantity)\n    .pause(2000)\n    .addValue(this.selector.quantity, \"1000\")\n    .waitForExist('//*[@id=\"out_of_stock_3\"]', 60000)\n    .click('//*[@id=\"out_of_stock_3\"]')\n    .pause(5000)\n    .call(done);",
                    "err": {
                      "message": "Error: An element could not be located on the page using the given search parameters (\"//*[@id=\"qty_0\"]/input\").",
                      "estack": "Error: An element could not be located on the page using the given search parameters (\"//*[@id=\"qty_0\"]/input\").\n    at elements(\"//*[@id=\"qty_0\"]/input\") - clearElement.js:18:17\n    at elements(\"//*[@id=\"product-prices\"]/div[10]/button[2]\") - isExisting.js:46:17\n    at isExisting(\"//*[@id=\"product-prices\"]/div[10]/button[2]\") - waitForExist.js:67:22"
                    },
                    "isRoot": false,
                    "uuid": "9fdc242f-3170-4c2a-bb05-10339d3c94a1",
                    "parentUUID": "d7bc3600-08ec-4ad2-94b9-92bea1363099",
                    "isHook": false,
                    "skipped": false
                  },
                  {
                    "title": "should go to the product image settings",
                    "fullTitle": "The Product Creation Create new product should go to the product image settings",
                    "timedOut": false,
                    "duration": 0,
                    "state": "failed",
                    "pass": false,
                    "fail": true,
                    "pending": false,
                    "code": "global.fctname= this.test.title;\nthis.client\n    .pause(1000)\n    .click(this.selector.product_picture)\n    .waitForExist(this.selector.picture, 60000)\n    .call(done);",
                    "err": {
                      "message": "Error: An element could not be located on the page using the given search parameters.",
                      "estack": "Error: An element could not be located on the page using the given search parameters.\n    at elements(\"//*[@id=\"product-prices\"]/div[10]/button[2]\") - isExisting.js:46:17\n    at isExisting(\"//*[@id=\"product-prices\"]/div[10]/button[2]\") - waitForExist.js:67:22"
                    },
                    "isRoot": false,
                    "uuid": "c21933ed-ad77-4157-a431-07e01fb5ede0",
                    "parentUUID": "d7bc3600-08ec-4ad2-94b9-92bea1363099",
                    "isHook": false,
                    "skipped": false
                  },
                  {
                    "title": "should set the product image",
                    "fullTitle": "The Product Creation Create new product should set the product image",
                    "timedOut": false,
                    "duration": 0,
                    "state": "failed",
                    "pass": false,
                    "fail": true,
                    "pending": false,
                    "code": "global.fctname= this.test.title;\nthis.client\n    .execute(function() {\n        document.getElementById(\"file\").style=\"\";\n        })\n    .chooseFile(this.selector.picture, toUpload)\n    .pause(3000)\n    .waitForExist(this.selector.upload_file_button, 60000)\n    .click(this.selector.upload_file_button)\n    .waitForExist(this.selector.upload_succes, 60000)\n    .getAttribute('img[title=' + 'test_nodejs_' + product_id + ']', \"src\").then(function(text) {\n        var src_creation_temp = text;\n        var src_creation_temp2 = src_creation_temp.split(\"/img\");\n        var src_creation_temp3 = src_creation_temp2[1].split(\"?time\");\n        global.src_creation = src_creation_temp3[0];\n    })\n    .call(done);",
                    "err": {
                      "message": "Error: unknown error: Cannot set property 'style' of null",
                      "estack": "Error: An unknown server-side error occurred while processing the command.\n    at elements(\"//*[@id=\"product-prices\"]/div[10]/button[2]\") - isExisting.js:46:17\n    at isExisting(\"//*[@id=\"product-prices\"]/div[10]/button[2]\") - waitForExist.js:67:22"
                    },
                    "isRoot": false,
                    "uuid": "2cd6bb94-246b-420b-9fe5-756a5160e093",
                    "parentUUID": "d7bc3600-08ec-4ad2-94b9-92bea1363099",
                    "isHook": false,
                    "skipped": false
                  }
                ],
                "skipped": [],
                "hasBeforeHooks": false,
                "hasAfterHooks": false,
                "hasTests": true,
                "hasSuites": false,
                "totalTests": 13,
                "totalPasses": 0,
                "totalFailures": 13,
                "totalPending": 0,
                "totalSkipped": 0,
                "hasPasses": false,
                "hasFailures": true,
                "hasPending": false,
                "hasSkipped": false,
                "duration": 100001,
                "rootEmpty": false
              },
              {
                "title": "Check the product in the catalog",
                "suites": [],
                "tests": [
                  {
                    "title": "should go to the catalog",
                    "fullTitle": "The Product Creation Check the product in the catalog should go to the catalog",
                    "timedOut": false,
                    "duration": 0,
                    "state": "failed",
                    "pass": false,
                    "fail": true,
                    "pending": false,
                    "code": "global.fctname= this.test.title;\nthis.client\n    .click(this.selector.products)\n    .waitForExist(this.selector.catalogue_filter_by_name, 60000)\n    .call(done)",
                    "err": {
                      "message": "Error: An element could not be located on the page using the given search parameters.",
                      "estack": "Error: An element could not be located on the page using the given search parameters.\n    at elements(\"//*[@id=\"product-prices\"]/div[10]/button[2]\") - isExisting.js:46:17\n    at isExisting(\"//*[@id=\"product-prices\"]/div[10]/button[2]\") - waitForExist.js:67:22"
                    },
                    "isRoot": false,
                    "uuid": "58fb1f94-bfdb-4b6a-ba3a-b5d6f24038e2",
                    "parentUUID": "014a9cd9-8991-4a22-aac1-76cf999aca10",
                    "isHook": false,
                    "skipped": false
                  },
                  {
                    "title": "should search the product by name",
                    "fullTitle": "The Product Creation Check the product in the catalog should search the product by name",
                    "timedOut": false,
                    "duration": 0,
                    "state": "failed",
                    "pass": false,
                    "fail": true,
                    "pending": false,
                    "code": "this.client\n    .setValue(this.selector.catalogue_filter_by_name, 'test_nodejs_' + product_id)\n    .click(this.selector.catalogue_submit_filter)\n    .waitForExist(this.selector.edit_product, 60000)\n    .call(done);",
                    "err": {
                      "message": "Error: An element could not be located on the page using the given search parameters (\"[name=\"productFilter_b!name\"]\").",
                      "estack": "Error: An element could not be located on the page using the given search parameters (\"[name=\"productFilter_b!name\"]\").\n    at elements(\"[name=\"productFilter_b!name\"]\") - setValue.js:29:17\n    at waitForExist(\".edit.btn.btn-default\", 60000) - create_product.webdriverio.js:193:18"
                    },
                    "isRoot": false,
                    "uuid": "7e3230c9-3915-4773-9701-41c335019737",
                    "parentUUID": "014a9cd9-8991-4a22-aac1-76cf999aca10",
                    "isHook": false,
                    "skipped": false
                  }
                ],
                "pending": [],
                "root": false,
                "_timeout": 100000,
                "file": "/index.webdriverio.js",
                "uuid": "014a9cd9-8991-4a22-aac1-76cf999aca10",
                "beforeHooks": [],
                "afterHooks": [],
                "fullFile": "/projet/PSFunctionalTests/test/itg/1.6/index.webdriverio.js",
                "passes": [],
                "failures": [
                  {
                    "title": "should go to the catalog",
                    "fullTitle": "The Product Creation Check the product in the catalog should go to the catalog",
                    "timedOut": false,
                    "duration": 0,
                    "state": "failed",
                    "pass": false,
                    "fail": true,
                    "pending": false,
                    "code": "global.fctname= this.test.title;\nthis.client\n    .click(this.selector.products)\n    .waitForExist(this.selector.catalogue_filter_by_name, 60000)\n    .call(done)",
                    "err": {
                      "message": "Error: An element could not be located on the page using the given search parameters.",
                      "estack": "Error: An element could not be located on the page using the given search parameters.\n    at elements(\"//*[@id=\"product-prices\"]/div[10]/button[2]\") - isExisting.js:46:17\n    at isExisting(\"//*[@id=\"product-prices\"]/div[10]/button[2]\") - waitForExist.js:67:22"
                    },
                    "isRoot": false,
                    "uuid": "58fb1f94-bfdb-4b6a-ba3a-b5d6f24038e2",
                    "parentUUID": "014a9cd9-8991-4a22-aac1-76cf999aca10",
                    "isHook": false,
                    "skipped": false
                  },
                  {
                    "title": "should search the product by name",
                    "fullTitle": "The Product Creation Check the product in the catalog should search the product by name",
                    "timedOut": false,
                    "duration": 0,
                    "state": "failed",
                    "pass": false,
                    "fail": true,
                    "pending": false,
                    "code": "this.client\n    .setValue(this.selector.catalogue_filter_by_name, 'test_nodejs_' + product_id)\n    .click(this.selector.catalogue_submit_filter)\n    .waitForExist(this.selector.edit_product, 60000)\n    .call(done);",
                    "err": {
                      "message": "Error: An element could not be located on the page using the given search parameters (\"[name=\"productFilter_b!name\"]\").",
                      "estack": "Error: An element could not be located on the page using the given search parameters (\"[name=\"productFilter_b!name\"]\").\n    at elements(\"[name=\"productFilter_b!name\"]\") - setValue.js:29:17\n    at waitForExist(\".edit.btn.btn-default\", 60000) - create_product.webdriverio.js:193:18"
                    },
                    "isRoot": false,
                    "uuid": "7e3230c9-3915-4773-9701-41c335019737",
                    "parentUUID": "014a9cd9-8991-4a22-aac1-76cf999aca10",
                    "isHook": false,
                    "skipped": false
                  }
                ],
                "skipped": [],
                "hasBeforeHooks": false,
                "hasAfterHooks": false,
                "hasTests": true,
                "hasSuites": false,
                "totalTests": 2,
                "totalPasses": 0,
                "totalFailures": 2,
                "totalPending": 0,
                "totalSkipped": 0,
                "hasPasses": false,
                "hasFailures": true,
                "hasPending": false,
                "hasSkipped": false,
                "duration": 0,
                "rootEmpty": false
              },
              {
                "title": "Check the product details in Back Office",
                "suites": [],
                "tests": [
                  {
                    "title": "should acces to the product page",
                    "fullTitle": "The Product Creation Check the product details in Back Office should acces to the product page",
                    "timedOut": false,
                    "duration": 0,
                    "state": "failed",
                    "pass": false,
                    "fail": true,
                    "pending": false,
                    "code": "global.fctname= this.test.title;\nthis.client\n    .pause(3000)\n    .click(this.selector.edit_product)\n    .waitForExist(this.selector.product_name, 60000)\n    .call(done);",
                    "err": {
                      "message": "Error: An element could not be located on the page using the given search parameters.",
                      "estack": "Error: An element could not be located on the page using the given search parameters.\n    at elements(\"//*[@id=\"product-prices\"]/div[10]/button[2]\") - isExisting.js:46:17\n    at isExisting(\"//*[@id=\"product-prices\"]/div[10]/button[2]\") - waitForExist.js:67:22"
                    },
                    "isRoot": false,
                    "uuid": "78cb220e-c407-4139-a47a-77c94beb9c44",
                    "parentUUID": "85bb52d9-73e1-4b3e-8eeb-2ee0e0d8c878",
                    "isHook": false,
                    "skipped": false
                  },
                  {
                    "title": "should check the product name",
                    "fullTitle": "The Product Creation Check the product details in Back Office should check the product name",
                    "timedOut": false,
                    "duration": 0,
                    "state": "failed",
                    "pass": false,
                    "fail": true,
                    "pending": false,
                    "code": "global.fctname= this.test.title;\nthis.client\n    .pause(20000)\n    .getValue(this.selector.product_name).then(function(text) {\n        var my_name = text;\n        should(my_name).be.equal('test_nodejs_' + product_id);\n    })\n    .call(done);",
                    "err": {
                      "message": "Error: element (\"//*[@id=\"product-prices\"]/div[10]/button[2]\") still not existing after 60000ms",
                      "estack": "Error: element (\"//*[@id=\"product-prices\"]/div[10]/button[2]\") still not existing after 60000ms\n    at elements(\"//*[@id=\"product-prices\"]/div[10]/button[2]\") - isExisting.js:46:17\n    at isExisting(\"//*[@id=\"product-prices\"]/div[10]/button[2]\") - waitForExist.js:67:22"
                    },
                    "isRoot": false,
                    "uuid": "a997b5ba-979b-443d-989b-3122eab08865",
                    "parentUUID": "85bb52d9-73e1-4b3e-8eeb-2ee0e0d8c878",
                    "isHook": false,
                    "skipped": false
                  },
                  {
                    "title": "should check the product summary",
                    "fullTitle": "The Product Creation Check the product details in Back Office should check the product summary",
                    "timedOut": false,
                    "duration": 0,
                    "state": "failed",
                    "pass": false,
                    "fail": true,
                    "pending": false,
                    "code": "global.fctname= this.test.title;\nthis.client\n    .frame(this.selector.summary, function (err, result){\n        if (err) console.log(err);\n        })\n    .getText(\"#tinymce\").then(function(text) {\n        var my_summary = text;\n        should(my_summary).be.equal(\"this is the summary\");\n    })\n    .frameParent()\n    .call(done);",
                    "err": {
                      "message": "Error: No frame element found by name or id description_short_1_ifr\nBuild info: version: '3.4.0', revision: 'unknown', time: 'unknown'\nSystem info: host: 'fouratA', ip: '127.0.1.1', os.name: 'Linux', os.arch: 'amd64', os.version: '3.13.0-48-generic', java.version: '1.8.0_91'\nDriver info: driver.version: unknown",
                      "estack": "Error: A request to switch to a frame could not be satisfied because the frame could not be found.\n    at frameParent() - create_product.webdriverio.js:229:18"
                    },
                    "isRoot": false,
                    "uuid": "aa95ae6b-fc0e-44e5-b50f-177342708ccd",
                    "parentUUID": "85bb52d9-73e1-4b3e-8eeb-2ee0e0d8c878",
                    "isHook": false,
                    "skipped": false
                  },
                  {
                    "title": "should check the product description",
                    "fullTitle": "The Product Creation Check the product details in Back Office should check the product description",
                    "timedOut": false,
                    "duration": 0,
                    "state": "failed",
                    "pass": false,
                    "fail": true,
                    "pending": false,
                    "code": "global.fctname= this.test.title;\nthis.client\n    .frame(this.selector.description, function (err, result){\n        if (err) console.log(err);\n        })\n    .getText(\"#tinymce\").then(function(text) {\n        var my_description = text;\n        should(my_description).be.equal(\"this is the description\");\n    })\n    .frameParent()\n    .call(done);",
                    "err": {
                      "message": "Error: No frame element found by name or id description_1_ifr\nBuild info: version: '3.4.0', revision: 'unknown', time: 'unknown'\nSystem info: host: 'fouratA', ip: '127.0.1.1', os.name: 'Linux', os.arch: 'amd64', os.version: '3.13.0-48-generic', java.version: '1.8.0_91'\nDriver info: driver.version: unknown",
                      "estack": "Error: A request to switch to a frame could not be satisfied because the frame could not be found.\n    at frameParent() - create_product.webdriverio.js:243:18"
                    },
                    "isRoot": false,
                    "uuid": "661d1f12-a80b-41bd-bbcb-0157d0c6be01",
                    "parentUUID": "85bb52d9-73e1-4b3e-8eeb-2ee0e0d8c878",
                    "isHook": false,
                    "skipped": false
                  },
                  {
                    "title": "should go to the product prices form",
                    "fullTitle": "The Product Creation Check the product details in Back Office should go to the product prices form",
                    "timedOut": false,
                    "duration": 0,
                    "state": "failed",
                    "pass": false,
                    "fail": true,
                    "pending": false,
                    "code": "global.fctname= this.test.title;\nthis.client\n    .click(this.selector.product_price)\n    .waitForExist(this.selector.wholesale_price, 60000)\n    .call(done);",
                    "err": {
                      "message": "Error: An element could not be located on the page using the given search parameters.",
                      "estack": "Error: An element could not be located on the page using the given search parameters.\n    at element(\"#link-Prices\") - click.js:12:17\n    at waitForExist(\"#wholesale_price\", 60000) - create_product.webdriverio.js:251:18"
                    },
                    "isRoot": false,
                    "uuid": "ff9861ef-9b28-43f8-bb63-56e30595795e",
                    "parentUUID": "85bb52d9-73e1-4b3e-8eeb-2ee0e0d8c878",
                    "isHook": false,
                    "skipped": false
                  },
                  {
                    "title": "should check the product price",
                    "fullTitle": "The Product Creation Check the product details in Back Office should check the product price",
                    "timedOut": false,
                    "duration": 0,
                    "state": "failed",
                    "pass": false,
                    "fail": true,
                    "pending": false,
                    "code": "global.fctname= this.test.title;\nthis.client\n    .getValue(this.selector.wholesale_price).then(function(text) {\n        var my_wholesale_price = text;\n        should(parseInt(my_wholesale_price)).be.equal(parseInt(\"2\"));\n    })\n    .getValue(this.selector.priceTE).then(function(text) {\n        var my_priceTE = text;\n        should(parseInt(my_priceTE)).be.equal(parseInt(\"5\"));\n    })\n    .call(done);",
                    "err": {
                      "message": "Error: An element could not be located on the page using the given search parameters (\"#wholesale_price\").",
                      "estack": "Error: An element could not be located on the page using the given search parameters (\"#wholesale_price\").\n    at elements(\"#wholesale_price\") - getValue.js:18:17\n    at getValue(\"#priceTE\") - create_product.webdriverio.js:262:18"
                    },
                    "isRoot": false,
                    "uuid": "2b194336-71ef-42b1-bd31-20a4843389f6",
                    "parentUUID": "85bb52d9-73e1-4b3e-8eeb-2ee0e0d8c878",
                    "isHook": false,
                    "skipped": false
                  },
                  {
                    "title": "should go to the product quantity form",
                    "fullTitle": "The Product Creation Check the product details in Back Office should go to the product quantity form",
                    "timedOut": false,
                    "duration": 0,
                    "state": "failed",
                    "pass": false,
                    "fail": true,
                    "pending": false,
                    "code": "this.client\n    .click(this.selector.product_quantity)\n    .waitForExist(this.selector.quantity, 60000)\n    .call(done);",
                    "err": {
                      "message": "Error: An element could not be located on the page using the given search parameters.",
                      "estack": "Error: An element could not be located on the page using the given search parameters.\n    at element(\"#link-Quantities\") - click.js:12:17\n    at screenshot() - saveScreenshot.js:52:17\n    at waitForExist(\"//*[@id=\"qty_0\"]/input\", 60000) - create_product.webdriverio.js:272:18"
                    },
                    "isRoot": false,
                    "uuid": "d6b5e601-80b5-4ebc-b51c-3f2e532d9b16",
                    "parentUUID": "85bb52d9-73e1-4b3e-8eeb-2ee0e0d8c878",
                    "isHook": false,
                    "skipped": false
                  },
                  {
                    "title": "should check the product quantity",
                    "fullTitle": "The Product Creation Check the product details in Back Office should check the product quantity",
                    "timedOut": false,
                    "duration": 0,
                    "state": "failed",
                    "pass": false,
                    "fail": true,
                    "pending": false,
                    "code": "global.fctname= this.test.title;\nthis.client\n    .pause(2000)\n    .getValue(this.selector.quantity).then(function(text) {\n        var my_quantity = text;\n        should(parseInt(my_quantity)).be.equal(parseInt(\"1000\"))\n    })\n    .pause(2000)\n    .call(done);",
                    "err": {
                      "message": "Error: An element could not be located on the page using the given search parameters (\"//*[@id=\"qty_0\"]/input\").",
                      "estack": "Error: An element could not be located on the page using the given search parameters (\"//*[@id=\"qty_0\"]/input\").\n    at elements(\"//*[@id=\"qty_0\"]/input\") - getValue.js:18:17\n    at screenshot() - saveScreenshot.js:52:17\n    at pause(2000) - create_product.webdriverio.js:284:18"
                    },
                    "isRoot": false,
                    "uuid": "b8f1aace-87c1-4d65-83db-6616843d7349",
                    "parentUUID": "85bb52d9-73e1-4b3e-8eeb-2ee0e0d8c878",
                    "isHook": false,
                    "skipped": false
                  },
                  {
                    "title": "should go to the product image settings",
                    "fullTitle": "The Product Creation Check the product details in Back Office should go to the product image settings",
                    "timedOut": false,
                    "duration": 0,
                    "state": "failed",
                    "pass": false,
                    "fail": true,
                    "pending": false,
                    "code": "this.client\n    .click(this.selector.product_picture)\n    .waitForExist(this.selector.upload_file_button, 60000)\n    .call(done);",
                    "err": {
                      "message": "Error: An element could not be located on the page using the given search parameters.",
                      "estack": "Error: An element could not be located on the page using the given search parameters.\n    at element(\"#link-Images\") - click.js:12:17\n    at waitForExist(\"#file-upload-button\", 60000) - create_product.webdriverio.js:291:18"
                    },
                    "isRoot": false,
                    "uuid": "0b2179bf-3a23-41eb-a21b-3605bb0fbc3b",
                    "parentUUID": "85bb52d9-73e1-4b3e-8eeb-2ee0e0d8c878",
                    "isHook": false,
                    "skipped": false
                  },
                  {
                    "title": "should check the product image",
                    "fullTitle": "The Product Creation Check the product details in Back Office should check the product image",
                    "timedOut": false,
                    "duration": 0,
                    "state": "failed",
                    "pass": false,
                    "fail": true,
                    "pending": false,
                    "code": "global.fctname= this.test.title;\nthis.client\n    .getAttribute('img[title=' + 'test_nodejs_' + product_id + ']', \"src\").then(function(text) {\n        var my_src_temp = text[0];\n        var my_src_temp2 = my_src_temp.split(\"/img\");\n        var my_src_temp3 = my_src_temp2[1].split(\"?time\");\n        should(my_src_temp3[0]).be.equal(src_creation);\n    })\n    .call(done);",
                    "err": {
                      "message": "Error: An element could not be located on the page using the given search parameters (\"img[title=test_nodejs_1501842114599]\").",
                      "estack": "Error: An element could not be located on the page using the given search parameters (\"img[title=test_nodejs_1501842114599]\").\n    at elements(\"img[title=test_nodejs_1501842114599]\") - getAttribute.js:25:17\n    at getAttribute(\"img[title=test_nodejs_1501842114599]\", \"src\") - create_product.webdriverio.js:298:18"
                    },
                    "isRoot": false,
                    "uuid": "92d31491-7509-4964-9e4a-143c294b4105",
                    "parentUUID": "85bb52d9-73e1-4b3e-8eeb-2ee0e0d8c878",
                    "isHook": false,
                    "skipped": false
                  }
                ],
                "pending": [],
                "root": false,
                "_timeout": 100000,
                "file": "/index.webdriverio.js",
                "uuid": "85bb52d9-73e1-4b3e-8eeb-2ee0e0d8c878",
                "beforeHooks": [],
                "afterHooks": [],
                "fullFile": "/projet/PSFunctionalTests/test/itg/1.6/index.webdriverio.js",
                "passes": [],
                "failures": [
                  {
                    "title": "should acces to the product page",
                    "fullTitle": "The Product Creation Check the product details in Back Office should acces to the product page",
                    "timedOut": false,
                    "duration": 0,
                    "state": "failed",
                    "pass": false,
                    "fail": true,
                    "pending": false,
                    "code": "global.fctname= this.test.title;\nthis.client\n    .pause(3000)\n    .click(this.selector.edit_product)\n    .waitForExist(this.selector.product_name, 60000)\n    .call(done);",
                    "err": {
                      "message": "Error: An element could not be located on the page using the given search parameters.",
                      "estack": "Error: An element could not be located on the page using the given search parameters.\n    at elements(\"//*[@id=\"product-prices\"]/div[10]/button[2]\") - isExisting.js:46:17\n    at isExisting(\"//*[@id=\"product-prices\"]/div[10]/button[2]\") - waitForExist.js:67:22"
                    },
                    "isRoot": false,
                    "uuid": "78cb220e-c407-4139-a47a-77c94beb9c44",
                    "parentUUID": "85bb52d9-73e1-4b3e-8eeb-2ee0e0d8c878",
                    "isHook": false,
                    "skipped": false
                  },
                  {
                    "title": "should check the product name",
                    "fullTitle": "The Product Creation Check the product details in Back Office should check the product name",
                    "timedOut": false,
                    "duration": 0,
                    "state": "failed",
                    "pass": false,
                    "fail": true,
                    "pending": false,
                    "code": "global.fctname= this.test.title;\nthis.client\n    .pause(20000)\n    .getValue(this.selector.product_name).then(function(text) {\n        var my_name = text;\n        should(my_name).be.equal('test_nodejs_' + product_id);\n    })\n    .call(done);",
                    "err": {
                      "message": "Error: element (\"//*[@id=\"product-prices\"]/div[10]/button[2]\") still not existing after 60000ms",
                      "estack": "Error: element (\"//*[@id=\"product-prices\"]/div[10]/button[2]\") still not existing after 60000ms\n    at elements(\"//*[@id=\"product-prices\"]/div[10]/button[2]\") - isExisting.js:46:17\n    at isExisting(\"//*[@id=\"product-prices\"]/div[10]/button[2]\") - waitForExist.js:67:22"
                    },
                    "isRoot": false,
                    "uuid": "a997b5ba-979b-443d-989b-3122eab08865",
                    "parentUUID": "85bb52d9-73e1-4b3e-8eeb-2ee0e0d8c878",
                    "isHook": false,
                    "skipped": false
                  },
                  {
                    "title": "should check the product summary",
                    "fullTitle": "The Product Creation Check the product details in Back Office should check the product summary",
                    "timedOut": false,
                    "duration": 0,
                    "state": "failed",
                    "pass": false,
                    "fail": true,
                    "pending": false,
                    "code": "global.fctname= this.test.title;\nthis.client\n    .frame(this.selector.summary, function (err, result){\n        if (err) console.log(err);\n        })\n    .getText(\"#tinymce\").then(function(text) {\n        var my_summary = text;\n        should(my_summary).be.equal(\"this is the summary\");\n    })\n    .frameParent()\n    .call(done);",
                    "err": {
                      "message": "Error: No frame element found by name or id description_short_1_ifr\nBuild info: version: '3.4.0', revision: 'unknown', time: 'unknown'\nSystem info: host: 'fouratA', ip: '127.0.1.1', os.name: 'Linux', os.arch: 'amd64', os.version: '3.13.0-48-generic', java.version: '1.8.0_91'\nDriver info: driver.version: unknown",
                      "estack": "Error: A request to switch to a frame could not be satisfied because the frame could not be found.\n    at frameParent() - create_product.webdriverio.js:229:18"
                    },
                    "isRoot": false,
                    "uuid": "aa95ae6b-fc0e-44e5-b50f-177342708ccd",
                    "parentUUID": "85bb52d9-73e1-4b3e-8eeb-2ee0e0d8c878",
                    "isHook": false,
                    "skipped": false
                  },
                  {
                    "title": "should check the product description",
                    "fullTitle": "The Product Creation Check the product details in Back Office should check the product description",
                    "timedOut": false,
                    "duration": 0,
                    "state": "failed",
                    "pass": false,
                    "fail": true,
                    "pending": false,
                    "code": "global.fctname= this.test.title;\nthis.client\n    .frame(this.selector.description, function (err, result){\n        if (err) console.log(err);\n        })\n    .getText(\"#tinymce\").then(function(text) {\n        var my_description = text;\n        should(my_description).be.equal(\"this is the description\");\n    })\n    .frameParent()\n    .call(done);",
                    "err": {
                      "message": "Error: No frame element found by name or id description_1_ifr\nBuild info: version: '3.4.0', revision: 'unknown', time: 'unknown'\nSystem info: host: 'fouratA', ip: '127.0.1.1', os.name: 'Linux', os.arch: 'amd64', os.version: '3.13.0-48-generic', java.version: '1.8.0_91'\nDriver info: driver.version: unknown",
                      "estack": "Error: A request to switch to a frame could not be satisfied because the frame could not be found.\n    at frameParent() - create_product.webdriverio.js:243:18"
                    },
                    "isRoot": false,
                    "uuid": "661d1f12-a80b-41bd-bbcb-0157d0c6be01",
                    "parentUUID": "85bb52d9-73e1-4b3e-8eeb-2ee0e0d8c878",
                    "isHook": false,
                    "skipped": false
                  },
                  {
                    "title": "should go to the product prices form",
                    "fullTitle": "The Product Creation Check the product details in Back Office should go to the product prices form",
                    "timedOut": false,
                    "duration": 0,
                    "state": "failed",
                    "pass": false,
                    "fail": true,
                    "pending": false,
                    "code": "global.fctname= this.test.title;\nthis.client\n    .click(this.selector.product_price)\n    .waitForExist(this.selector.wholesale_price, 60000)\n    .call(done);",
                    "err": {
                      "message": "Error: An element could not be located on the page using the given search parameters.",
                      "estack": "Error: An element could not be located on the page using the given search parameters.\n    at element(\"#link-Prices\") - click.js:12:17\n    at waitForExist(\"#wholesale_price\", 60000) - create_product.webdriverio.js:251:18"
                    },
                    "isRoot": false,
                    "uuid": "ff9861ef-9b28-43f8-bb63-56e30595795e",
                    "parentUUID": "85bb52d9-73e1-4b3e-8eeb-2ee0e0d8c878",
                    "isHook": false,
                    "skipped": false
                  },
                  {
                    "title": "should check the product price",
                    "fullTitle": "The Product Creation Check the product details in Back Office should check the product price",
                    "timedOut": false,
                    "duration": 0,
                    "state": "failed",
                    "pass": false,
                    "fail": true,
                    "pending": false,
                    "code": "global.fctname= this.test.title;\nthis.client\n    .getValue(this.selector.wholesale_price).then(function(text) {\n        var my_wholesale_price = text;\n        should(parseInt(my_wholesale_price)).be.equal(parseInt(\"2\"));\n    })\n    .getValue(this.selector.priceTE).then(function(text) {\n        var my_priceTE = text;\n        should(parseInt(my_priceTE)).be.equal(parseInt(\"5\"));\n    })\n    .call(done);",
                    "err": {
                      "message": "Error: An element could not be located on the page using the given search parameters (\"#wholesale_price\").",
                      "estack": "Error: An element could not be located on the page using the given search parameters (\"#wholesale_price\").\n    at elements(\"#wholesale_price\") - getValue.js:18:17\n    at getValue(\"#priceTE\") - create_product.webdriverio.js:262:18"
                    },
                    "isRoot": false,
                    "uuid": "2b194336-71ef-42b1-bd31-20a4843389f6",
                    "parentUUID": "85bb52d9-73e1-4b3e-8eeb-2ee0e0d8c878",
                    "isHook": false,
                    "skipped": false
                  },
                  {
                    "title": "should go to the product quantity form",
                    "fullTitle": "The Product Creation Check the product details in Back Office should go to the product quantity form",
                    "timedOut": false,
                    "duration": 0,
                    "state": "failed",
                    "pass": false,
                    "fail": true,
                    "pending": false,
                    "code": "this.client\n    .click(this.selector.product_quantity)\n    .waitForExist(this.selector.quantity, 60000)\n    .call(done);",
                    "err": {
                      "message": "Error: An element could not be located on the page using the given search parameters.",
                      "estack": "Error: An element could not be located on the page using the given search parameters.\n    at element(\"#link-Quantities\") - click.js:12:17\n    at screenshot() - saveScreenshot.js:52:17\n    at waitForExist(\"//*[@id=\"qty_0\"]/input\", 60000) - create_product.webdriverio.js:272:18"
                    },
                    "isRoot": false,
                    "uuid": "d6b5e601-80b5-4ebc-b51c-3f2e532d9b16",
                    "parentUUID": "85bb52d9-73e1-4b3e-8eeb-2ee0e0d8c878",
                    "isHook": false,
                    "skipped": false
                  },
                  {
                    "title": "should check the product quantity",
                    "fullTitle": "The Product Creation Check the product details in Back Office should check the product quantity",
                    "timedOut": false,
                    "duration": 0,
                    "state": "failed",
                    "pass": false,
                    "fail": true,
                    "pending": false,
                    "code": "global.fctname= this.test.title;\nthis.client\n    .pause(2000)\n    .getValue(this.selector.quantity).then(function(text) {\n        var my_quantity = text;\n        should(parseInt(my_quantity)).be.equal(parseInt(\"1000\"))\n    })\n    .pause(2000)\n    .call(done);",
                    "err": {
                      "message": "Error: An element could not be located on the page using the given search parameters (\"//*[@id=\"qty_0\"]/input\").",
                      "estack": "Error: An element could not be located on the page using the given search parameters (\"//*[@id=\"qty_0\"]/input\").\n    at elements(\"//*[@id=\"qty_0\"]/input\") - getValue.js:18:17\n    at screenshot() - saveScreenshot.js:52:17\n    at pause(2000) - create_product.webdriverio.js:284:18"
                    },
                    "isRoot": false,
                    "uuid": "b8f1aace-87c1-4d65-83db-6616843d7349",
                    "parentUUID": "85bb52d9-73e1-4b3e-8eeb-2ee0e0d8c878",
                    "isHook": false,
                    "skipped": false
                  },
                  {
                    "title": "should go to the product image settings",
                    "fullTitle": "The Product Creation Check the product details in Back Office should go to the product image settings",
                    "timedOut": false,
                    "duration": 0,
                    "state": "failed",
                    "pass": false,
                    "fail": true,
                    "pending": false,
                    "code": "this.client\n    .click(this.selector.product_picture)\n    .waitForExist(this.selector.upload_file_button, 60000)\n    .call(done);",
                    "err": {
                      "message": "Error: An element could not be located on the page using the given search parameters.",
                      "estack": "Error: An element could not be located on the page using the given search parameters.\n    at element(\"#link-Images\") - click.js:12:17\n    at waitForExist(\"#file-upload-button\", 60000) - create_product.webdriverio.js:291:18"
                    },
                    "isRoot": false,
                    "uuid": "0b2179bf-3a23-41eb-a21b-3605bb0fbc3b",
                    "parentUUID": "85bb52d9-73e1-4b3e-8eeb-2ee0e0d8c878",
                    "isHook": false,
                    "skipped": false
                  },
                  {
                    "title": "should check the product image",
[...]
      },
      "isRoot": false,
      "uuid": "ffb2ad80-fe99-48fb-8b44-efc326a739c0",
      "parentUUID": "d7bc3600-08ec-4ad2-94b9-92bea1363099",
      "isHook": false,
      "skipped": false
    },
    {
      "title": "should go to the product quantity form",
      "fullTitle": "Create new product should go to the product quantity form",
      "timedOut": false,
      "duration": 0,
      "state": "failed",
      "pass": false,
      "fail": true,
      "pending": false,
      "code": "this.client\n    .click(this.selector.product_quantity)\n    .waitForExist(this.selector.quantity, 60000)\n    .call(done);",
      "err": {
        "message": "Error: An element could not be located on the page using the given search parameters.",
        "estack": "Error: An element could not be located on the page using the given search parameters.\n    at elements(\"//*[@id=\"product-prices\"]/div[10]/button[2]\") - isExisting.js:46:17\n    at isExisting(\"//*[@id=\"product-prices\"]/div[10]/button[2]\") - waitForExist.js:67:22"
      },
      "isRoot": false,
      "uuid": "01ec5683-8a69-4d87-aa21-5d83055944dc",
      "parentUUID": "d7bc3600-08ec-4ad2-94b9-92bea1363099",
      "isHook": false,
      "skipped": false
    },
    {
      "title": "should enter the product quantity",
      "fullTitle": "Create new product should enter the product quantity",
      "timedOut": false,
      "duration": 0,
      "state": "failed",
      "pass": false,
      "fail": true,
      "pending": false,
      "code": "global.fctname= this.test.title;\nthis.client\n    .pause(2000)\n    .clearElement(this.selector.quantity)\n    .pause(2000)\n    .click(this.selector.quantity)\n    .pause(2000)\n    .addValue(this.selector.quantity, \"1000\")\n    .waitForExist('//*[@id=\"out_of_stock_3\"]', 60000)\n    .click('//*[@id=\"out_of_stock_3\"]')\n    .pause(5000)\n    .call(done);",
      "err": {
        "message": "Error: An element could not be located on the page using the given search parameters (\"//*[@id=\"qty_0\"]/input\").",
        "estack": "Error: An element could not be located on the page using the given search parameters (\"//*[@id=\"qty_0\"]/input\").\n    at elements(\"//*[@id=\"qty_0\"]/input\") - clearElement.js:18:17\n    at elements(\"//*[@id=\"product-prices\"]/div[10]/button[2]\") - isExisting.js:46:17\n    at isExisting(\"//*[@id=\"product-prices\"]/div[10]/button[2]\") - waitForExist.js:67:22"
      },
      "isRoot": false,
      "uuid": "9fdc242f-3170-4c2a-bb05-10339d3c94a1",
      "parentUUID": "d7bc3600-08ec-4ad2-94b9-92bea1363099",
      "isHook": false,
      "skipped": false
    },
    {
      "title": "should go to the product image settings",
      "fullTitle": "Create new product should go to the product image settings",
      "timedOut": false,
      "duration": 0,
      "state": "failed",
      "pass": false,
      "fail": true,
      "pending": false,
      "code": "global.fctname= this.test.title;\nthis.client\n    .pause(1000)\n    .click(this.selector.product_picture)\n    .waitForExist(this.selector.picture, 60000)\n    .call(done);",
      "err": {
        "message": "Error: An element could not be located on the page using the given search parameters.",
        "estack": "Error: An element could not be located on the page using the given search parameters.\n    at elements(\"//*[@id=\"product-prices\"]/div[10]/button[2]\") - isExisting.js:46:17\n    at isExisting(\"//*[@id=\"product-prices\"]/div[10]/button[2]\") - waitForExist.js:67:22"
      },
      "isRoot": false,
      "uuid": "c21933ed-ad77-4157-a431-07e01fb5ede0",
      "parentUUID": "d7bc3600-08ec-4ad2-94b9-92bea1363099",
      "isHook": false,
      "skipped": false
    },
    {
      "title": "should set the product image",
      "fullTitle": "Create new product should set the product image",
      "timedOut": false,
      "duration": 0,
      "state": "failed",
      "pass": false,
      "fail": true,
      "pending": false,
      "code": "global.fctname= this.test.title;\nthis.client\n    .execute(function() {\n        document.getElementById(\"file\").style=\"\";\n        })\n    .chooseFile(this.selector.picture, toUpload)\n    .pause(3000)\n    .waitForExist(this.selector.upload_file_button, 60000)\n    .click(this.selector.upload_file_button)\n    .waitForExist(this.selector.upload_succes, 60000)\n    .getAttribute('img[title=' + 'test_nodejs_' + product_id + ']', \"src\").then(function(text) {\n        var src_creation_temp = text;\n        var src_creation_temp2 = src_creation_temp.split(\"/img\");\n        var src_creation_temp3 = src_creation_temp2[1].split(\"?time\");\n        global.src_creation = src_creation_temp3[0];\n    })\n    .call(done);",
      "err": {
        "message": "Error: unknown error: Cannot set property 'style' of null",
        "estack": "Error: An unknown server-side error occurred while processing the command.\n    at elements(\"//*[@id=\"product-prices\"]/div[10]/button[2]\") - isExisting.js:46:17\n    at isExisting(\"//*[@id=\"product-prices\"]/div[10]/button[2]\") - waitForExist.js:67:22"
      },
      "isRoot": false,
      "uuid": "2cd6bb94-246b-420b-9fe5-756a5160e093",
      "parentUUID": "d7bc3600-08ec-4ad2-94b9-92bea1363099",
      "isHook": false,
      "skipped": false
    },
    {
      "title": "should go to the catalog",
      "fullTitle": "Check the product in the catalog should go to the catalog",
      "timedOut": false,
      "duration": 0,
      "state": "failed",
      "pass": false,
      "fail": true,
      "pending": false,
      "code": "global.fctname= this.test.title;\nthis.client\n    .click(this.selector.products)\n    .waitForExist(this.selector.catalogue_filter_by_name, 60000)\n    .call(done)",
      "err": {
        "message": "Error: An element could not be located on the page using the given search parameters.",
        "estack": "Error: An element could not be located on the page using the given search parameters.\n    at elements(\"//*[@id=\"product-prices\"]/div[10]/button[2]\") - isExisting.js:46:17\n    at isExisting(\"//*[@id=\"product-prices\"]/div[10]/button[2]\") - waitForExist.js:67:22"
      },
      "isRoot": false,
      "uuid": "58fb1f94-bfdb-4b6a-ba3a-b5d6f24038e2",
      "parentUUID": "014a9cd9-8991-4a22-aac1-76cf999aca10",
      "isHook": false,
      "skipped": false
    },
    {
      "title": "should search the product by name",
      "fullTitle": "Check the product in the catalog should search the product by name",
      "timedOut": false,
      "duration": 0,
      "state": "failed",
      "pass": false,
      "fail": true,
      "pending": false,
      "code": "this.client\n    .setValue(this.selector.catalogue_filter_by_name, 'test_nodejs_' + product_id)\n    .click(this.selector.catalogue_submit_filter)\n    .waitForExist(this.selector.edit_product, 60000)\n    .call(done);",
      "err": {
        "message": "Error: An element could not be located on the page using the given search parameters (\"[name=\"productFilter_b!name\"]\").",
        "estack": "Error: An element could not be located on the page using the given search parameters (\"[name=\"productFilter_b!name\"]\").\n    at elements(\"[name=\"productFilter_b!name\"]\") - setValue.js:29:17\n    at waitForExist(\".edit.btn.btn-default\", 60000) - create_product.webdriverio.js:193:18"
      },
      "isRoot": false,
      "uuid": "7e3230c9-3915-4773-9701-41c335019737",
      "parentUUID": "014a9cd9-8991-4a22-aac1-76cf999aca10",
      "isHook": false,
      "skipped": false
    },
    {
      "title": "should acces to the product page",
      "fullTitle": "Check the product details in Back Office should acces to the product page",
      "timedOut": false,
      "duration": 0,
      "state": "failed",
      "pass": false,
      "fail": true,
      "pending": false,
      "code": "global.fctname= this.test.title;\nthis.client\n    .pause(3000)\n    .click(this.selector.edit_product)\n    .waitForExist(this.selector.product_name, 60000)\n    .call(done);",
      "err": {
        "message": "Error: An element could not be located on the page using the given search parameters.",
        "estack": "Error: An element could not be located on the page using the given search parameters.\n    at elements(\"//*[@id=\"product-prices\"]/div[10]/button[2]\") - isExisting.js:46:17\n    at isExisting(\"//*[@id=\"product-prices\"]/div[10]/button[2]\") - waitForExist.js:67:22"
      },
      "isRoot": false,
      "uuid": "78cb220e-c407-4139-a47a-77c94beb9c44",
      "parentUUID": "85bb52d9-73e1-4b3e-8eeb-2ee0e0d8c878",
      "isHook": false,
      "skipped": false
    },
    {
      "title": "should check the product name",
      "fullTitle": "Check the product details in Back Office should check the product name",
      "timedOut": false,
      "duration": 0,
      "state": "failed",
      "pass": false,
      "fail": true,
      "pending": false,
      "code": "global.fctname= this.test.title;\nthis.client\n    .pause(20000)\n    .getValue(this.selector.product_name).then(function(text) {\n        var my_name = text;\n        should(my_name).be.equal('test_nodejs_' + product_id);\n    })\n    .call(done);",
      "err": {
        "message": "Error: element (\"//*[@id=\"product-prices\"]/div[10]/button[2]\") still not existing after 60000ms",
        "estack": "Error: element (\"//*[@id=\"product-prices\"]/div[10]/button[2]\") still not existing after 60000ms\n    at elements(\"//*[@id=\"product-prices\"]/div[10]/button[2]\") - isExisting.js:46:17\n    at isExisting(\"//*[@id=\"product-prices\"]/div[10]/button[2]\") - waitForExist.js:67:22"
      },
      "isRoot": false,
      "uuid": "a997b5ba-979b-443d-989b-3122eab08865",
      "parentUUID": "85bb52d9-73e1-4b3e-8eeb-2ee0e0d8c878",
      "isHook": false,
      "skipped": false
    },
    {
      "title": "should check the product summary",
      "fullTitle": "Check the product details in Back Office should check the product summary",
      "timedOut": false,
      "duration": 0,
      "state": "failed",
      "pass": false,
      "fail": true,
      "pending": false,
      "code": "global.fctname= this.test.title;\nthis.client\n    .frame(this.selector.summary, function (err, result){\n        if (err) console.log(err);\n        })\n    .getText(\"#tinymce\").then(function(text) {\n        var my_summary = text;\n        should(my_summary).be.equal(\"this is the summary\");\n    })\n    .frameParent()\n    .call(done);",
      "err": {
        "message": "Error: No frame element found by name or id description_short_1_ifr\nBuild info: version: '3.4.0', revision: 'unknown', time: 'unknown'\nSystem info: host: 'fouratA', ip: '127.0.1.1', os.name: 'Linux', os.arch: 'amd64', os.version: '3.13.0-48-generic', java.version: '1.8.0_91'\nDriver info: driver.version: unknown",
        "estack": "Error: A request to switch to a frame could not be satisfied because the frame could not be found.\n    at frameParent() - create_product.webdriverio.js:229:18"
      },
      "isRoot": false,
      "uuid": "aa95ae6b-fc0e-44e5-b50f-177342708ccd",
      "parentUUID": "85bb52d9-73e1-4b3e-8eeb-2ee0e0d8c878",
      "isHook": false,
      "skipped": false
    },
    {
      "title": "should check the product description",
      "fullTitle": "Check the product details in Back Office should check the product description",
      "timedOut": false,
      "duration": 0,
      "state": "failed",
      "pass": false,
      "fail": true,
      "pending": false,
      "code": "global.fctname= this.test.title;\nthis.client\n    .frame(this.selector.description, function (err, result){\n        if (err) console.log(err);\n        })\n    .getText(\"#tinymce\").then(function(text) {\n        var my_description = text;\n        should(my_description).be.equal(\"this is the description\");\n    })\n    .frameParent()\n    .call(done);",
      "err": {
        "message": "Error: No frame element found by name or id description_1_ifr\nBuild info: version: '3.4.0', revision: 'unknown', time: 'unknown'\nSystem info: host: 'fouratA', ip: '127.0.1.1', os.name: 'Linux', os.arch: 'amd64', os.version: '3.13.0-48-generic', java.version: '1.8.0_91'\nDriver info: driver.version: unknown",
        "estack": "Error: A request to switch to a frame could not be satisfied because the frame could not be found.\n    at frameParent() - create_product.webdriverio.js:243:18"
      },
      "isRoot": false,
      "uuid": "661d1f12-a80b-41bd-bbcb-0157d0c6be01",
      "parentUUID": "85bb52d9-73e1-4b3e-8eeb-2ee0e0d8c878",
      "isHook": false,
      "skipped": false
    },
    {
      "title": "should go to the product prices form",
      "fullTitle": "Check the product details in Back Office should go to the product prices form",
      "timedOut": false,
      "duration": 0,
      "state": "failed",
      "pass": false,
      "fail": true,
      "pending": false,
      "code": "global.fctname= this.test.title;\nthis.client\n    .click(this.selector.product_price)\n    .waitForExist(this.selector.wholesale_price, 60000)\n    .call(done);",
      "err": {
        "message": "Error: An element could not be located on the page using the given search parameters.",
        "estack": "Error: An element could not be located on the page using the given search parameters.\n    at element(\"#link-Prices\") - click.js:12:17\n    at waitForExist(\"#wholesale_price\", 60000) - create_product.webdriverio.js:251:18"
      },
      "isRoot": false,
      "uuid": "ff9861ef-9b28-43f8-bb63-56e30595795e",
      "parentUUID": "85bb52d9-73e1-4b3e-8eeb-2ee0e0d8c878",
      "isHook": false,
      "skipped": false
    },
    {
      "title": "should check the product price",
      "fullTitle": "Check the product details in Back Office should check the product price",
      "timedOut": false,
      "duration": 0,
      "state": "failed",
      "pass": false,
      "fail": true,
      "pending": false,
      "code": "global.fctname= this.test.title;\nthis.client\n    .getValue(this.selector.wholesale_price).then(function(text) {\n        var my_wholesale_price = text;\n        should(parseInt(my_wholesale_price)).be.equal(parseInt(\"2\"));\n    })\n    .getValue(this.selector.priceTE).then(function(text) {\n        var my_priceTE = text;\n        should(parseInt(my_priceTE)).be.equal(parseInt(\"5\"));\n    })\n    .call(done);",
      "err": {
        "message": "Error: An element could not be located on the page using the given search parameters (\"#wholesale_price\").",
        "estack": "Error: An element could not be located on the page using the given search parameters (\"#wholesale_price\").\n    at elements(\"#wholesale_price\") - getValue.js:18:17\n    at getValue(\"#priceTE\") - create_product.webdriverio.js:262:18"
      },
      "isRoot": false,
      "uuid": "2b194336-71ef-42b1-bd31-20a4843389f6",
      "parentUUID": "85bb52d9-73e1-4b3e-8eeb-2ee0e0d8c878",
      "isHook": false,
      "skipped": false
    },
    {
      "title": "should go to the product quantity form",
      "fullTitle": "Check the product details in Back Office should go to the product quantity form",
      "timedOut": false,
      "duration": 0,
      "state": "failed",
      "pass": false,
      "fail": true,
      "pending": false,
      "code": "this.client\n    .click(this.selector.product_quantity)\n    .waitForExist(this.selector.quantity, 60000)\n    .call(done);",
      "err": {
        "message": "Error: An element could not be located on the page using the given search parameters.",
        "estack": "Error: An element could not be located on the page using the given search parameters.\n    at element(\"#link-Quantities\") - click.js:12:17\n    at screenshot() - saveScreenshot.js:52:17\n    at waitForExist(\"//*[@id=\"qty_0\"]/input\", 60000) - create_product.webdriverio.js:272:18"
      },
      "isRoot": false,
      "uuid": "d6b5e601-80b5-4ebc-b51c-3f2e532d9b16",
      "parentUUID": "85bb52d9-73e1-4b3e-8eeb-2ee0e0d8c878",
      "isHook": false,
      "skipped": false
    },
    {
      "title": "should check the product quantity",
      "fullTitle": "Check the product details in Back Office should check the product quantity",
      "timedOut": false,
      "duration": 0,
      "state": "failed",
      "pass": false,
      "fail": true,
      "pending": false,
      "code": "global.fctname= this.test.title;\nthis.client\n    .pause(2000)\n    .getValue(this.selector.quantity).then(function(text) {\n        var my_quantity = text;\n        should(parseInt(my_quantity)).be.equal(parseInt(\"1000\"))\n    })\n    .pause(2000)\n    .call(done);",
      "err": {
        "message": "Error: An element could not be located on the page using the given search parameters (\"//*[@id=\"qty_0\"]/input\").",
        "estack": "Error: An element could not be located on the page using the given search parameters (\"//*[@id=\"qty_0\"]/input\").\n    at elements(\"//*[@id=\"qty_0\"]/input\") - getValue.js:18:17\n    at screenshot() - saveScreenshot.js:52:17\n    at pause(2000) - create_product.webdriverio.js:284:18"
      },
      "isRoot": false,
      "uuid": "b8f1aace-87c1-4d65-83db-6616843d7349",
      "parentUUID": "85bb52d9-73e1-4b3e-8eeb-2ee0e0d8c878",
      "isHook": false,
      "skipped": false
    },
    {
      "title": "should go to the product image settings",
      "fullTitle": "Check the product details in Back Office should go to the product image settings",
      "timedOut": false,
      "duration": 0,
      "state": "failed",
      "pass": false,
      "fail": true,
      "pending": false,
      "code": "this.client\n    .click(this.selector.product_picture)\n    .waitForExist(this.selector.upload_file_button, 60000)\n    .call(done);",
      "err": {
        "message": "Error: An element could not be located on the page using the given search parameters.",
        "estack": "Error: An element could not be located on the page using the given search parameters.\n    at element(\"#link-Images\") - click.js:12:17\n    at waitForExist(\"#file-upload-button\", 60000) - create_product.webdriverio.js:291:18"
      },
      "isRoot": false,
      "uuid": "0b2179bf-3a23-41eb-a21b-3605bb0fbc3b",
      "parentUUID": "85bb52d9-73e1-4b3e-8eeb-2ee0e0d8c878",
      "isHook": false,
      "skipped": false
    },
    {
      "title": "should check the product image",
      "fullTitle": "Check the product details in Back Office should check the product image",
      "timedOut": false,
      "duration": 0,
      "state": "failed",
      "pass": false,
      "fail": true,
      "pending": false,
      "code": "global.fctname= this.test.title;\nthis.client\n    .getAttribute('img[title=' + 'test_nodejs_' + product_id + ']', \"src\").then(function(text) {\n        var my_src_temp = text[0];\n        var my_src_temp2 = my_src_temp.split(\"/img\");\n        var my_src_temp3 = my_src_temp2[1].split(\"?time\");\n        should(my_src_temp3[0]).be.equal(src_creation);\n    })\n    .call(done);",
      "err": {
        "message": "Error: An element could not be located on the page using the given search parameters (\"img[title=test_nodejs_1501842114599]\").",
        "estack": "Error: An element could not be located on the page using the given search parameters (\"img[title=test_nodejs_1501842114599]\").\n    at elements(\"img[title=test_nodejs_1501842114599]\") - getAttribute.js:25:17\n    at getAttribute(\"img[title=test_nodejs_1501842114599]\", \"src\") - create_product.webdriverio.js:298:18"
      },
      "isRoot": false,
      "uuid": "92d31491-7509-4964-9e4a-143c294b4105",
      "parentUUID": "85bb52d9-73e1-4b3e-8eeb-2ee0e0d8c878",
      "isHook": false,
      "skipped": false
    }
  ],
  "copyrightYear": 2017
}